20:22:52 INFO  - Start test - >studentRegFormTest
20:22:52 INFO  - Start search ->By.xpath: //div[@class='category-cards']/div[2]
20:22:52 INFO  - By.xpath: //div[@class='category-cards']/div[2]<- found
20:22:53 INFO  - Start search ->By.xpath: //span[.='Practice Form']
20:22:53 INFO  - By.xpath: //span[.='Practice Form']<- found
20:22:53 INFO  - Start search ->By.id: firstName
20:22:53 INFO  - By.id: firstName<- found
20:22:53 INFO  - Start search ->By.id: firstName
20:22:53 INFO  - By.id: firstName<- found
20:22:54 INFO  - Start search ->By.id: firstName
20:22:54 INFO  - By.id: firstName<- found
20:22:54 INFO  - Start search ->By.id: lastName
20:22:54 INFO  - By.id: lastName<- found
20:22:54 INFO  - Start search ->By.id: lastName
20:22:54 INFO  - By.id: lastName<- found
20:22:54 INFO  - Start search ->By.id: lastName
20:22:54 INFO  - By.id: lastName<- found
20:22:54 INFO  - Start search ->By.id: userEmail
20:22:54 INFO  - By.id: userEmail<- found
20:22:54 INFO  - Start search ->By.id: userEmail
20:22:54 INFO  - By.id: userEmail<- found
20:22:55 INFO  - Start search ->By.id: userEmail
20:22:55 INFO  - By.id: userEmail<- found
20:22:55 INFO  - Start search ->By.xpath: //label[@for='gender-radio-1']
20:22:55 INFO  - By.xpath: //label[@for='gender-radio-1']<- found
20:22:56 INFO  - Start search ->By.id: userNumber
20:22:56 INFO  - By.id: userNumber<- found
20:22:56 INFO  - Start search ->By.id: userNumber
20:22:56 INFO  - By.id: userNumber<- found
20:22:56 INFO  - Start search ->By.id: userNumber
20:22:56 INFO  - By.id: userNumber<- found
20:22:56 INFO  - Start search ->By.id: dateOfBirthInput
20:22:56 INFO  - By.id: dateOfBirthInput<- found
20:22:57 INFO  - Start search ->By.id: dateOfBirthInput
20:22:57 INFO  - By.id: dateOfBirthInput<- found
20:22:57 INFO  - Start search ->By.id: dateOfBirthInput
20:22:57 INFO  - By.id: dateOfBirthInput<- found
20:22:57 INFO  - Start search ->By.id: dateOfBirthInput
20:22:57 INFO  - By.id: dateOfBirthInput<- found
20:22:58 INFO  - Start search ->By.id: dateOfBirthInput
20:22:58 INFO  - By.id: dateOfBirthInput<- found
20:22:58 INFO  - Start search ->By.xpath: //label[@for='hobbies-checkbox-1']
20:22:58 INFO  - By.xpath: //label[@for='hobbies-checkbox-1']<- found
20:22:58 INFO  - Start search ->By.xpath: //label[@for='hobbies-checkbox-3']
20:22:58 INFO  - By.xpath: //label[@for='hobbies-checkbox-3']<- found
20:22:59 INFO  - Start search ->By.id: currentAddress
20:22:59 INFO  - By.id: currentAddress<- found
20:22:59 INFO  - Start search ->By.id: currentAddress
20:22:59 INFO  - By.id: currentAddress<- found
20:22:59 INFO  - Start search ->By.id: currentAddress
20:22:59 INFO  - By.id: currentAddress<- found
20:23:00 INFO  - Start search ->By.id: react-select-3-input
20:23:00 INFO  - By.id: react-select-3-input<- found
20:23:00 INFO  - Start search ->By.id: react-select-3-input
20:23:00 INFO  - By.id: react-select-3-input<- found
20:23:01 INFO  - Start search ->By.id: react-select-3-input
20:23:01 INFO  - By.id: react-select-3-input<- found
20:23:01 INFO  - Start search ->By.id: react-select-3-input
20:23:01 INFO  - By.id: react-select-3-input<- found
20:23:01 INFO  - Start search ->By.id: react-select-4-input
20:23:01 INFO  - By.id: react-select-4-input<- found
20:23:01 INFO  - Start search ->By.id: react-select-4-input
20:23:01 INFO  - By.id: react-select-4-input<- found
20:23:02 INFO  - Start search ->By.id: react-select-4-input
20:23:02 INFO  - By.id: react-select-4-input<- found
20:23:02 INFO  - Start search ->By.id: react-select-4-input
20:23:02 INFO  - By.id: react-select-4-input<- found
20:23:03 INFO  - Start search ->By.id: submit
20:23:03 INFO  - By.id: submit<- found
20:23:03 INFO  - End of test -> studentRegFormTest
************************************
