13:42:49 INFO  - Start test - >studentRegFormTest
13:42:49 INFO  - Start search ->By.xpath: //div[@class='category-cards']/div[2]
13:42:49 INFO  - By.xpath: //div[@class='category-cards']/div[2]<- found
13:42:50 INFO  - Start search ->By.xpath: //span[.='Practice Form']
13:42:50 INFO  - By.xpath: //span[.='Practice Form']<- found
13:42:52 INFO  - Start search ->By.id: firstName
13:42:52 INFO  - By.id: firstName<- found
13:42:52 INFO  - Start search ->By.id: firstName
13:42:52 INFO  - By.id: firstName<- found
13:42:53 INFO  - Start search ->By.id: firstName
13:42:53 INFO  - By.id: firstName<- found
13:42:53 INFO  - Start search ->By.id: lastName
13:42:53 INFO  - By.id: lastName<- found
13:42:53 INFO  - Start search ->By.id: lastName
13:42:53 INFO  - By.id: lastName<- found
13:42:54 INFO  - Start search ->By.id: lastName
13:42:54 INFO  - By.id: lastName<- found
13:42:54 INFO  - Start search ->By.id: userEmail
13:42:54 INFO  - By.id: userEmail<- found
13:42:54 INFO  - Start search ->By.id: userEmail
13:42:54 INFO  - By.id: userEmail<- found
13:42:54 INFO  - Start search ->By.id: userEmail
13:42:54 INFO  - By.id: userEmail<- found
13:42:55 INFO  - Start search ->By.xpath: //label[@for='gender-radio-1']
13:42:55 INFO  - By.xpath: //label[@for='gender-radio-1']<- found
13:42:55 INFO  - Start search ->By.id: userNumber
13:42:55 INFO  - By.id: userNumber<- found
13:42:56 INFO  - Start search ->By.id: userNumber
13:42:56 INFO  - By.id: userNumber<- found
13:42:56 INFO  - Start search ->By.id: userNumber
13:42:56 INFO  - By.id: userNumber<- found
13:42:56 INFO  - Start search ->By.id: dateOfBirthInput
13:42:56 INFO  - By.id: dateOfBirthInput<- found
13:42:57 INFO  - Start search ->By.cssSelector: .react-datepicker__month-select
13:42:57 INFO  - By.cssSelector: .react-datepicker__month-select<- found
13:42:58 INFO  - Start search ->By.xpath: .//option[normalize-space(.) = "May"]
13:42:58 INFO  - By.xpath: .//option[normalize-space(.) = "May"]<- found
13:42:58 INFO  - Start search ->By.cssSelector: .react-datepicker__year-select
13:42:58 INFO  - By.cssSelector: .react-datepicker__year-select<- found
13:42:58 INFO  - Start search ->By.xpath: .//option[normalize-space(.) = "1994"]
13:42:59 INFO  - By.xpath: .//option[normalize-space(.) = "1994"]<- found
13:42:59 INFO  - Start search ->By.xpath: //div[.='18']
13:42:59 INFO  - By.xpath: //div[.='18']<- found
13:42:59 INFO  - Start search ->By.id: subjectsInput
13:42:59 INFO  - By.id: subjectsInput<- found
13:43:00 INFO  - Start search ->By.id: subjectsInput
13:43:00 INFO  - By.id: subjectsInput<- found
13:43:00 INFO  - Start search ->By.id: subjectsInput
13:43:00 INFO  - By.id: subjectsInput<- found
13:43:00 INFO  - Start search ->By.id: subjectsInput
13:43:00 INFO  - By.id: subjectsInput<- found
13:43:00 INFO  - Start search ->By.id: react-select-2-option-0
13:43:00 INFO  - By.id: react-select-2-option-0<- found
13:43:01 INFO  - Start search ->By.xpath: //label[@for='hobbies-checkbox-1']
13:43:01 INFO  - By.xpath: //label[@for='hobbies-checkbox-1']<- found
13:43:01 INFO  - Start search ->By.xpath: //label[@for='hobbies-checkbox-3']
13:43:01 INFO  - By.xpath: //label[@for='hobbies-checkbox-3']<- found
13:43:01 INFO  - Start search ->By.id: currentAddress
13:43:01 INFO  - By.id: currentAddress<- found
13:43:02 INFO  - Start search ->By.id: currentAddress
13:43:02 INFO  - By.id: currentAddress<- found
13:43:02 INFO  - Start search ->By.id: currentAddress
13:43:02 INFO  - By.id: currentAddress<- found
13:43:03 INFO  - Start search ->By.id: react-select-3-input
13:43:03 INFO  - By.id: react-select-3-input<- found
13:43:04 INFO  - Start search ->By.id: react-select-3-input
13:43:04 INFO  - By.id: react-select-3-input<- found
13:43:04 INFO  - Start search ->By.id: react-select-3-input
13:43:04 INFO  - By.id: react-select-3-input<- found
13:43:04 INFO  - Start search ->By.id: react-select-3-input
13:43:04 INFO  - By.id: react-select-3-input<- found
13:43:04 INFO  - Start search ->By.id: react-select-4-input
13:43:04 INFO  - By.id: react-select-4-input<- found
13:43:05 INFO  - Start search ->By.id: react-select-4-input
13:43:05 INFO  - By.id: react-select-4-input<- found
13:43:05 INFO  - Start search ->By.id: react-select-4-input
13:43:05 INFO  - By.id: react-select-4-input<- found
13:43:05 INFO  - Start search ->By.id: react-select-4-input
13:43:05 INFO  - By.id: react-select-4-input<- found
13:43:05 INFO  - Start search ->By.cssSelector: #uploadPicture
13:43:05 INFO  - By.cssSelector: #uploadPicture<- found
13:43:07 INFO  - Start search ->By.id: submit
13:43:07 INFO  - By.id: submit<- found
13:43:10 INFO  - Start search ->By.id: closeLargeModal
13:43:10 INFO  - By.id: closeLargeModal<- found
13:43:10 INFO  - End of test -> studentRegFormTest
************************************
