17:35:47 INFO  - Start test - >testMuli
17:35:47 INFO  - Start search ->By.xpath: //div[@class='category-cards']/div[4]
17:35:47 INFO  - By.xpath: //div[@class='category-cards']/div[4]<- found
17:35:47 INFO  - Start search ->By.xpath: //span[.='Select Menu']
17:35:47 INFO  - By.xpath: //span[.='Select Menu']<- found
17:35:48 INFO  - Start search ->By.id: withOptGroup
17:35:48 INFO  - By.id: withOptGroup<- found
17:35:48 INFO  - Start search ->By.xpath: //*[text()='Group 1, option 1']
17:35:48 INFO  - By.xpath: //*[text()='Group 1, option 1']<- found
17:35:49 INFO  - Start search ->By.id: selectOne
17:35:49 INFO  - By.id: selectOne<- found
17:35:49 INFO  - Start search ->By.xpath: //*[text()='Mr.']
17:35:49 INFO  - By.xpath: //*[text()='Mr.']<- found
17:35:50 INFO  - Start search ->By.id: oldSelectMenu
17:35:50 INFO  - By.id: oldSelectMenu<- found
17:35:50 INFO  - Start search ->By.xpath: .//option[normalize-space(.) = "Black"]
17:35:50 INFO  - By.xpath: .//option[normalize-space(.) = "Black"]<- found
17:35:52 INFO  - Start search ->By.id: react-select-4-input
17:35:52 INFO  - By.id: react-select-4-input<- found
17:35:53 INFO  - Start search ->By.xpath: //div[@style='overflow: hidden; white-space: nowrap; width: 66.0625px;']
17:36:03 ERROR - org.openqa.selenium.NoSuchElementException: no such element: Unable to locate element: {"method":"xpath","selector":"//div[@style='overflow: hidden; white-space: nowrap; width: 66.0625px;']"}
  (Session info: chrome=88.0.4324.146)
For documentation on this error, please visit: https://www.seleniumhq.org/exceptions/no_such_element.html
Build info: version: '3.141.59', revision: 'e82be7d358', time: '2018-11-14T08:17:03'
System info: host: 'YULIA', ip: '192.168.1.17', os.name: 'Windows 8.1', os.arch: 'amd64', os.version: '6.3', java.version: '1.8.0_271'
Driver info: org.openqa.selenium.chrome.ChromeDriver
Capabilities {acceptInsecureCerts: false, browserName: chrome, browserVersion: 88.0.4324.146, chrome: {chromedriverVersion: 88.0.4324.96 (68dba2d8a0b14..., userDataDir: C:\Users\яв \AppData\Local\...}, goog:chromeOptions: {debuggerAddress: localhost:52059}, javascriptEnabled: true, networkConnectionEnabled: false, pageLoadStrategy: normal, platform: WINDOWS, platformName: WINDOWS, proxy: Proxy(), setWindowRect: true, strictFileInteractability: false, timeouts: {implicit: 0, pageLoad: 300000, script: 30000}, unhandledPromptBehavior: dismiss and notify, webauthn:extension:largeBlob: true, webauthn:virtualAuthenticators: true}
Session ID: d71b715ba01ab98a50ede6ea2a6e15b7
*** Element info: {Using=xpath, value=//div[@style='overflow: hidden; white-space: nowrap; width: 66.0625px;']}
17:36:03 ERROR - src/test/screenshots/screen-1612449363176.png
17:36:03 INFO  - End of test -> testMuli
************************************
