17:36:42 INFO  - Start test - >studentRegFormTest
17:36:42 INFO  - Start search ->By.xpath: //div[@class='category-cards']/div[2]
17:36:42 INFO  - By.xpath: //div[@class='category-cards']/div[2]<- found
17:36:43 INFO  - Start search ->By.xpath: //span[.='Practice Form']
17:36:43 INFO  - By.xpath: //span[.='Practice Form']<- found
17:36:43 INFO  - Start search ->By.id: firstName
17:36:43 INFO  - By.id: firstName<- found
17:36:43 INFO  - Start search ->By.id: firstName
17:36:43 INFO  - By.id: firstName<- found
17:36:44 INFO  - Start search ->By.id: firstName
17:36:44 INFO  - By.id: firstName<- found
17:36:44 INFO  - Start search ->By.id: lastName
17:36:44 INFO  - By.id: lastName<- found
17:36:44 INFO  - Start search ->By.id: lastName
17:36:44 INFO  - By.id: lastName<- found
17:36:44 INFO  - Start search ->By.id: lastName
17:36:44 INFO  - By.id: lastName<- found
17:36:44 INFO  - Start search ->By.id: userEmail
17:36:44 INFO  - By.id: userEmail<- found
17:36:44 INFO  - Start search ->By.id: userEmail
17:36:44 INFO  - By.id: userEmail<- found
17:36:44 INFO  - Start search ->By.id: userEmail
17:36:44 INFO  - By.id: userEmail<- found
17:36:45 INFO  - Start search ->By.xpath: //label[@for='gender-radio-1']
17:36:45 INFO  - By.xpath: //label[@for='gender-radio-1']<- found
17:36:45 INFO  - Start search ->By.id: userNumber
17:36:45 INFO  - By.id: userNumber<- found
17:36:45 INFO  - Start search ->By.id: userNumber
17:36:45 INFO  - By.id: userNumber<- found
17:36:46 INFO  - Start search ->By.id: userNumber
17:36:46 INFO  - By.id: userNumber<- found
17:36:46 INFO  - Start search ->By.id: dateOfBirthInput
17:36:46 INFO  - By.id: dateOfBirthInput<- found
17:36:46 INFO  - Start search ->By.id: dateOfBirthInput
17:36:46 INFO  - By.id: dateOfBirthInput<- found
17:36:47 INFO  - Start search ->By.id: dateOfBirthInput
17:36:47 INFO  - By.id: dateOfBirthInput<- found
17:36:47 INFO  - Start search ->By.id: dateOfBirthInput
17:36:47 INFO  - By.id: dateOfBirthInput<- found
17:36:47 INFO  - Start search ->By.xpath: //label[@for='hobbies-checkbox-1']
17:36:47 INFO  - By.xpath: //label[@for='hobbies-checkbox-1']<- found
17:36:48 INFO  - Start search ->By.xpath: //label[@for='hobbies-checkbox-3']
17:36:48 INFO  - By.xpath: //label[@for='hobbies-checkbox-3']<- found
17:36:48 INFO  - Start search ->By.id: currentAddress
17:36:48 INFO  - By.id: currentAddress<- found
17:36:48 INFO  - Start search ->By.id: currentAddress
17:36:48 INFO  - By.id: currentAddress<- found
17:36:48 INFO  - Start search ->By.id: currentAddress
17:36:48 INFO  - By.id: currentAddress<- found
17:36:50 INFO  - Start search ->By.id: submit
17:36:50 INFO  - By.id: submit<- found
17:36:50 INFO  - End of test -> studentRegFormTest
************************************
