15:07:47 INFO  - Start test - >studentRegFormTest
15:07:47 INFO  - Start search ->By.xpath: //div[@class='category-cards']/div[2]
15:07:47 INFO  - By.xpath: //div[@class='category-cards']/div[2]<- found
15:07:47 INFO  - Start search ->By.xpath: //span[.='Practice Form']
15:07:47 INFO  - By.xpath: //span[.='Practice Form']<- found
15:07:48 INFO  - Start search ->By.id: firstName
15:07:48 INFO  - By.id: firstName<- found
15:07:48 INFO  - Start search ->By.id: firstName
15:07:48 INFO  - By.id: firstName<- found
15:07:48 INFO  - Start search ->By.id: firstName
15:07:48 INFO  - By.id: firstName<- found
15:07:49 INFO  - Start search ->By.id: lastName
15:07:49 INFO  - By.id: lastName<- found
15:07:49 INFO  - Start search ->By.id: lastName
15:07:49 INFO  - By.id: lastName<- found
15:07:49 INFO  - Start search ->By.id: lastName
15:07:49 INFO  - By.id: lastName<- found
15:07:49 INFO  - Start search ->By.id: userEmail
15:07:49 INFO  - By.id: userEmail<- found
15:07:49 INFO  - Start search ->By.id: userEmail
15:07:49 INFO  - By.id: userEmail<- found
15:07:50 INFO  - Start search ->By.id: userEmail
15:07:50 INFO  - By.id: userEmail<- found
15:07:50 INFO  - Start search ->By.xpath: //label[@for='gender-radio-1']
15:07:50 INFO  - By.xpath: //label[@for='gender-radio-1']<- found
15:07:51 INFO  - Start search ->By.id: userNumber
15:07:51 INFO  - By.id: userNumber<- found
15:07:51 INFO  - Start search ->By.id: userNumber
15:07:51 INFO  - By.id: userNumber<- found
15:07:51 INFO  - Start search ->By.id: userNumber
15:07:51 INFO  - By.id: userNumber<- found
15:07:51 INFO  - Start search ->By.id: dateOfBirthInput
15:07:51 INFO  - By.id: dateOfBirthInput<- found
15:07:52 INFO  - Start search ->By.cssSelector: .react-datepicker__month-select
15:07:52 INFO  - By.cssSelector: .react-datepicker__month-select<- found
15:07:52 INFO  - Start search ->By.xpath: .//option[normalize-space(.) = "May"]
15:07:52 INFO  - By.xpath: .//option[normalize-space(.) = "May"]<- found
15:07:52 INFO  - Start search ->By.cssSelector: .react-datepicker__year-select
15:07:53 INFO  - By.cssSelector: .react-datepicker__year-select<- found
15:07:53 INFO  - Start search ->By.xpath: .//option[normalize-space(.) = "1994"]
15:07:53 INFO  - By.xpath: .//option[normalize-space(.) = "1994"]<- found
15:07:53 INFO  - Start search ->By.xpath: //div[.='18']
15:07:53 INFO  - By.xpath: //div[.='18']<- found
15:07:53 INFO  - Start search ->By.id: subjectsInput
15:07:53 INFO  - By.id: subjectsInput<- found
15:07:54 INFO  - Start search ->By.id: subjectsInput
15:07:54 INFO  - By.id: subjectsInput<- found
15:07:54 INFO  - Start search ->By.id: subjectsInput
15:07:54 INFO  - By.id: subjectsInput<- found
15:07:54 INFO  - Start search ->By.id: subjectsInput
15:07:54 INFO  - By.id: subjectsInput<- found
15:07:54 INFO  - Start search ->By.id: react-select-2-option-0
15:07:54 INFO  - By.id: react-select-2-option-0<- found
15:07:55 INFO  - Start search ->By.xpath: //label[@for='hobbies-checkbox-1']
15:07:55 INFO  - By.xpath: //label[@for='hobbies-checkbox-1']<- found
15:07:55 INFO  - Start search ->By.xpath: //label[@for='hobbies-checkbox-3']
15:07:55 INFO  - By.xpath: //label[@for='hobbies-checkbox-3']<- found
15:07:56 INFO  - Start search ->By.id: currentAddress
15:07:56 INFO  - By.id: currentAddress<- found
15:07:56 INFO  - Start search ->By.id: currentAddress
15:07:56 INFO  - By.id: currentAddress<- found
15:07:56 INFO  - Start search ->By.id: currentAddress
15:07:56 INFO  - By.id: currentAddress<- found
15:07:57 INFO  - Start search ->By.id: react-select-3-input
15:07:57 INFO  - By.id: react-select-3-input<- found
15:07:58 INFO  - Start search ->By.id: react-select-3-input
15:07:58 INFO  - By.id: react-select-3-input<- found
15:07:58 INFO  - Start search ->By.id: react-select-3-input
15:07:58 INFO  - By.id: react-select-3-input<- found
15:07:58 INFO  - Start search ->By.id: react-select-3-input
15:07:58 INFO  - By.id: react-select-3-input<- found
15:07:58 INFO  - Start search ->By.id: react-select-4-input
15:07:58 INFO  - By.id: react-select-4-input<- found
15:07:59 INFO  - Start search ->By.id: react-select-4-input
15:07:59 INFO  - By.id: react-select-4-input<- found
15:07:59 INFO  - Start search ->By.id: react-select-4-input
15:07:59 INFO  - By.id: react-select-4-input<- found
15:07:59 INFO  - Start search ->By.id: react-select-4-input
15:07:59 INFO  - By.id: react-select-4-input<- found
15:08:00 INFO  - Start search ->By.id: submit
15:08:00 INFO  - By.id: submit<- found
15:08:04 INFO  - Start search ->By.id: closeLargeModal
15:08:04 INFO  - By.id: closeLargeModal<- found
15:08:04 INFO  - End of test -> studentRegFormTest
************************************
