16:01:21 INFO  - Start test - >testMuli
16:01:21 INFO  - Start search ->By.xpath: //div[@class='category-cards']/div[4]
16:01:21 INFO  - By.xpath: //div[@class='category-cards']/div[4]<- found
16:01:21 INFO  - Start search ->By.xpath: //span[.='Select Menu']
16:01:21 INFO  - By.xpath: //span[.='Select Menu']<- found
16:01:22 INFO  - Start search ->By.id: withOptGroup
16:01:22 INFO  - By.id: withOptGroup<- found
16:01:22 INFO  - Start search ->By.xpath: //*[text()='Group 1, option 1']
16:01:22 INFO  - By.xpath: //*[text()='Group 1, option 1']<- found
16:01:27 INFO  - Start search ->By.id: selectOne
16:01:27 INFO  - By.id: selectOne<- found
16:01:27 INFO  - Start search ->By.xpath: //*[text()='Mr.']
16:01:27 INFO  - By.xpath: //*[text()='Mr.']<- found
16:01:32 INFO  - Start search ->By.id: oldSelectMenu
16:01:32 INFO  - By.id: oldSelectMenu<- found
16:01:32 INFO  - Start search ->By.xpath: .//option[normalize-space(.) = "Black"]
16:01:33 INFO  - By.xpath: .//option[normalize-space(.) = "Black"]<- found
16:01:38 INFO  - Start search ->By.id: react-select-4-input
16:01:38 INFO  - By.id: react-select-4-input<- found
16:01:38 INFO  - Start search ->By.id: react-select-4-input
16:01:38 INFO  - By.id: react-select-4-input<- found
16:01:38 INFO  - Start search ->By.id: react-select-4-input
16:01:38 INFO  - By.id: react-select-4-input<- found
16:01:38 INFO  - Start search ->By.id: react-select-4-input
16:01:38 INFO  - By.id: react-select-4-input<- found
16:01:38 INFO  - Start search ->By.cssSelector: react-select-4-input
16:01:48 ERROR - org.openqa.selenium.NoSuchElementException: no such element: Unable to locate element: {"method":"css selector","selector":"react-select-4-input"}
  (Session info: chrome=88.0.4324.146)
For documentation on this error, please visit: https://www.seleniumhq.org/exceptions/no_such_element.html
Build info: version: '3.141.59', revision: 'e82be7d358', time: '2018-11-14T08:17:03'
System info: host: 'YULIA', ip: '192.168.1.17', os.name: 'Windows 8.1', os.arch: 'amd64', os.version: '6.3', java.version: '1.8.0_271'
Driver info: org.openqa.selenium.chrome.ChromeDriver
Capabilities {acceptInsecureCerts: false, browserName: chrome, browserVersion: 88.0.4324.146, chrome: {chromedriverVersion: 88.0.4324.96 (68dba2d8a0b14..., userDataDir: C:\Users\яв \AppData\Local\...}, goog:chromeOptions: {debuggerAddress: localhost:62748}, javascriptEnabled: true, networkConnectionEnabled: false, pageLoadStrategy: normal, platform: WINDOWS, platformName: WINDOWS, proxy: Proxy(), setWindowRect: true, strictFileInteractability: false, timeouts: {implicit: 0, pageLoad: 300000, script: 30000}, unhandledPromptBehavior: dismiss and notify, webauthn:extension:largeBlob: true, webauthn:virtualAuthenticators: true}
Session ID: 1ef8d0e4596517ec25069563d6b9c4a4
*** Element info: {Using=css selector, value=react-select-4-input}
16:01:49 ERROR - src/test/screenshots/screen-1612443708653.png
16:01:54 INFO  - Start search ->By.id: cars
16:01:54 INFO  - By.id: cars<- found
16:01:54 INFO  - Start search ->By.tagName: option
16:01:54 INFO  - By.tagName: option<- found
16:01:54 INFO  - Start search ->By.tagName: option
16:01:54 INFO  - By.tagName: option<- found
16:01:54 INFO  - Start search ->By.tagName: option
16:01:54 INFO  - By.tagName: option<- found
16:01:59 INFO  - End of test -> testMuli
************************************
