15:58:42 INFO  - Start test - >testMuli
15:58:42 INFO  - Start search ->By.xpath: //div[@class='category-cards']/div[4]
15:58:42 INFO  - By.xpath: //div[@class='category-cards']/div[4]<- found
15:58:43 INFO  - Start search ->By.xpath: //span[.='Select Menu']
15:58:43 INFO  - By.xpath: //span[.='Select Menu']<- found
15:58:43 INFO  - Start search ->By.id: withOptGroup
15:58:43 INFO  - By.id: withOptGroup<- found
15:58:44 INFO  - Start search ->By.xpath: //*[text()='Group 1, option 1']
15:58:44 INFO  - By.xpath: //*[text()='Group 1, option 1']<- found
15:58:49 INFO  - Start search ->By.id: selectOne
15:58:49 INFO  - By.id: selectOne<- found
15:58:49 INFO  - Start search ->By.xpath: //*[text()='Mr.']
15:58:49 INFO  - By.xpath: //*[text()='Mr.']<- found
15:58:54 INFO  - Start search ->By.id: oldSelectMenu
15:58:54 INFO  - By.id: oldSelectMenu<- found
15:58:54 INFO  - Start search ->By.xpath: .//option[normalize-space(.) = "Black"]
15:58:54 INFO  - By.xpath: .//option[normalize-space(.) = "Black"]<- found
15:58:59 INFO  - Start search ->By.id: react-select-4-input
15:58:59 INFO  - By.id: react-select-4-input<- found
15:58:59 INFO  - Start search ->By.id: react-select-4-input
15:58:59 INFO  - By.id: react-select-4-input<- found
15:59:00 INFO  - Start search ->By.id: react-select-4-input
15:59:00 INFO  - By.id: react-select-4-input<- found
15:59:00 INFO  - Start search ->By.id: react-select-4-input
15:59:00 INFO  - By.id: react-select-4-input<- found
15:59:00 INFO  - Start search ->By.cssSelector: [.css-1hwfws3]
15:59:00 ERROR - org.openqa.selenium.InvalidSelectorException: invalid selector: An invalid or illegal selector was specified
  (Session info: chrome=88.0.4324.146)
For documentation on this error, please visit: https://www.seleniumhq.org/exceptions/invalid_selector_exception.html
Build info: version: '3.141.59', revision: 'e82be7d358', time: '2018-11-14T08:17:03'
System info: host: 'YULIA', ip: '192.168.1.17', os.name: 'Windows 8.1', os.arch: 'amd64', os.version: '6.3', java.version: '1.8.0_271'
Driver info: org.openqa.selenium.chrome.ChromeDriver
Capabilities {acceptInsecureCerts: false, browserName: chrome, browserVersion: 88.0.4324.146, chrome: {chromedriverVersion: 88.0.4324.96 (68dba2d8a0b14..., userDataDir: C:\Users\яв \AppData\Local\...}, goog:chromeOptions: {debuggerAddress: localhost:62532}, javascriptEnabled: true, networkConnectionEnabled: false, pageLoadStrategy: normal, platform: WINDOWS, platformName: WINDOWS, proxy: Proxy(), setWindowRect: true, strictFileInteractability: false, timeouts: {implicit: 0, pageLoad: 300000, script: 30000}, unhandledPromptBehavior: dismiss and notify, webauthn:extension:largeBlob: true, webauthn:virtualAuthenticators: true}
Session ID: 4391536b57125b686a8c2755ef9cdad1
*** Element info: {Using=css selector, value=[.css-1hwfws3]}
15:59:00 ERROR - src/test/screenshots/screen-1612443540350.png
15:59:05 INFO  - Start search ->By.id: cars
15:59:05 INFO  - By.id: cars<- found
15:59:05 INFO  - Start search ->By.tagName: option
15:59:05 INFO  - By.tagName: option<- found
15:59:06 INFO  - Start search ->By.tagName: option
15:59:06 INFO  - By.tagName: option<- found
15:59:06 INFO  - Start search ->By.tagName: option
15:59:06 INFO  - By.tagName: option<- found
15:59:11 INFO  - End of test -> testMuli
************************************
