17:30:49 INFO  - Start test - >studentRegFormTest
17:30:49 INFO  - Start search ->By.xpath: //div[@class='category-cards']/div[2]
17:30:49 INFO  - By.xpath: //div[@class='category-cards']/div[2]<- found
17:30:50 INFO  - Start search ->By.xpath: //span[.='Practice Form']
17:30:50 INFO  - By.xpath: //span[.='Practice Form']<- found
17:30:50 INFO  - Start search ->By.id: firstName
17:30:50 INFO  - By.id: firstName<- found
17:30:51 INFO  - Start search ->By.id: firstName
17:30:51 INFO  - By.id: firstName<- found
17:30:51 INFO  - Start search ->By.id: firstName
17:30:51 INFO  - By.id: firstName<- found
17:30:51 INFO  - Start search ->By.id: lastName
17:30:51 INFO  - By.id: lastName<- found
17:30:51 INFO  - Start search ->By.id: lastName
17:30:51 INFO  - By.id: lastName<- found
17:30:51 INFO  - Start search ->By.id: lastName
17:30:51 INFO  - By.id: lastName<- found
17:30:51 INFO  - Start search ->By.id: userEmail
17:30:51 INFO  - By.id: userEmail<- found
17:30:51 INFO  - Start search ->By.id: userEmail
17:30:52 INFO  - By.id: userEmail<- found
17:30:52 INFO  - Start search ->By.id: userEmail
17:30:52 INFO  - By.id: userEmail<- found
17:30:52 INFO  - Start search ->By.xpath: //label[@for='gender-radio-1']
17:30:52 INFO  - By.xpath: //label[@for='gender-radio-1']<- found
17:30:53 INFO  - Start search ->By.id: userNumber
17:30:53 INFO  - By.id: userNumber<- found
17:30:53 INFO  - Start search ->By.id: userNumber
17:30:53 INFO  - By.id: userNumber<- found
17:30:53 INFO  - Start search ->By.id: userNumber
17:30:53 INFO  - By.id: userNumber<- found
17:30:53 INFO  - Start search ->By.id: dateOfBirthInput
17:30:53 INFO  - By.id: dateOfBirthInput<- found
17:30:53 INFO  - Start search ->By.id: dateOfBirthInput
17:30:53 INFO  - By.id: dateOfBirthInput<- found
17:30:54 INFO  - Start search ->By.id: dateOfBirthInput
17:30:54 INFO  - By.id: dateOfBirthInput<- found
17:30:54 INFO  - Start search ->By.id: dateOfBirthInput
17:30:54 INFO  - By.id: dateOfBirthInput<- found
17:30:54 INFO  - Start search ->By.xpath: //label[@for='hobbies-checkbox-1']
17:30:54 INFO  - By.xpath: //label[@for='hobbies-checkbox-1']<- found
17:30:55 INFO  - Start search ->By.xpath: //label[@for='hobbies-checkbox-3']
17:30:55 INFO  - By.xpath: //label[@for='hobbies-checkbox-3']<- found
17:30:55 INFO  - Start search ->By.id: currentAddress
17:30:55 INFO  - By.id: currentAddress<- found
17:30:55 INFO  - Start search ->By.id: currentAddress
17:30:55 INFO  - By.id: currentAddress<- found
17:30:55 INFO  - Start search ->By.id: currentAddress
17:30:55 INFO  - By.id: currentAddress<- found
17:30:56 INFO  - Start search ->By.id: state
17:30:56 INFO  - By.id: state<- found
17:30:56 INFO  - Start search ->By.xpath: //div[contains(@class, 'css-1uccc91-singleValue')]
17:31:06 ERROR - org.openqa.selenium.NoSuchElementException: no such element: Unable to locate element: {"method":"xpath","selector":"//div[contains(@class, 'css-1uccc91-singleValue')]"}
  (Session info: chrome=87.0.4280.141)
For documentation on this error, please visit: https://www.seleniumhq.org/exceptions/no_such_element.html
Build info: version: '3.141.59', revision: 'e82be7d358', time: '2018-11-14T08:17:03'
System info: host: 'YULIA', ip: '192.168.1.17', os.name: 'Windows 8.1', os.arch: 'amd64', os.version: '6.3', java.version: '1.8.0_271'
Driver info: org.openqa.selenium.chrome.ChromeDriver
Capabilities {acceptInsecureCerts: false, browserName: chrome, browserVersion: 87.0.4280.141, chrome: {chromedriverVersion: 87.0.4280.88 (89e2380a3e36c..., userDataDir: C:\Users\яв \AppData\Local\...}, goog:chromeOptions: {debuggerAddress: localhost:63029}, javascriptEnabled: true, networkConnectionEnabled: false, pageLoadStrategy: normal, platform: WINDOWS, platformName: WINDOWS, proxy: Proxy(), setWindowRect: true, strictFileInteractability: false, timeouts: {implicit: 0, pageLoad: 300000, script: 30000}, unhandledPromptBehavior: dismiss and notify, webauthn:virtualAuthenticators: true}
Session ID: b23a1ec818e431ba2a4744195900f771
*** Element info: {Using=xpath, value=//div[contains(@class, 'css-1uccc91-singleValue')]}
17:31:07 ERROR - src/test/screenshots/screen-1611498666953.png
17:31:07 INFO  - End of test -> studentRegFormTest
************************************
