21:58:05 INFO  - Start test - >studentRegFormTest
21:58:05 INFO  - Start search ->By.xpath: //div[@class='category-cards']/div[2]
21:58:05 INFO  - By.xpath: //div[@class='category-cards']/div[2]<- found
21:58:06 INFO  - Start search ->By.xpath: //span[.='Practice Form']
21:58:06 INFO  - By.xpath: //span[.='Practice Form']<- found
21:58:06 INFO  - Start search ->By.id: firstName
21:58:06 INFO  - By.id: firstName<- found
21:58:07 INFO  - Start search ->By.id: firstName
21:58:07 INFO  - By.id: firstName<- found
21:58:07 INFO  - Start search ->By.id: firstName
21:58:07 INFO  - By.id: firstName<- found
21:58:07 INFO  - Start search ->By.id: lastName
21:58:07 INFO  - By.id: lastName<- found
21:58:07 INFO  - Start search ->By.id: lastName
21:58:07 INFO  - By.id: lastName<- found
21:58:07 INFO  - Start search ->By.id: lastName
21:58:07 INFO  - By.id: lastName<- found
21:58:07 INFO  - Start search ->By.id: userEmail
21:58:08 INFO  - By.id: userEmail<- found
21:58:08 INFO  - Start search ->By.id: userEmail
21:58:08 INFO  - By.id: userEmail<- found
21:58:08 INFO  - Start search ->By.id: userEmail
21:58:08 INFO  - By.id: userEmail<- found
21:58:08 INFO  - Start search ->By.xpath: //label[@for='gender-radio-1']
21:58:08 INFO  - By.xpath: //label[@for='gender-radio-1']<- found
21:58:09 INFO  - Start search ->By.id: userNumber
21:58:09 INFO  - By.id: userNumber<- found
21:58:09 INFO  - Start search ->By.id: userNumber
21:58:09 INFO  - By.id: userNumber<- found
21:58:09 INFO  - Start search ->By.id: userNumber
21:58:09 INFO  - By.id: userNumber<- found
21:58:09 INFO  - Start search ->By.id: dateOfBirthInput
21:58:09 INFO  - By.id: dateOfBirthInput<- found
21:58:10 INFO  - Start search ->By.id: dateOfBirthInput
21:58:10 INFO  - By.id: dateOfBirthInput<- found
21:58:11 INFO  - Start search ->By.id: dateOfBirthInput
21:58:11 INFO  - By.id: dateOfBirthInput<- found
21:58:11 INFO  - Start search ->By.id: dateOfBirthInput
21:58:11 INFO  - By.id: dateOfBirthInput<- found
21:58:12 INFO  - Start search ->By.id: dateOfBirthInput
21:58:12 INFO  - By.id: dateOfBirthInput<- found
21:58:12 INFO  - Start search ->By.xpath: //label[@for='hobbies-checkbox-1']
21:58:12 INFO  - By.xpath: //label[@for='hobbies-checkbox-1']<- found
21:58:12 INFO  - Start search ->By.xpath: //label[@for='hobbies-checkbox-3']
21:58:12 INFO  - By.xpath: //label[@for='hobbies-checkbox-3']<- found
21:58:12 INFO  - Start search ->By.id: currentAddress
21:58:12 INFO  - By.id: currentAddress<- found
21:58:12 INFO  - Start search ->By.id: currentAddress
21:58:12 INFO  - By.id: currentAddress<- found
21:58:13 INFO  - Start search ->By.id: currentAddress
21:58:13 INFO  - By.id: currentAddress<- found
21:58:14 INFO  - Start search ->By.id: react-select-3-input
21:58:14 INFO  - By.id: react-select-3-input<- found
21:58:14 INFO  - Start search ->By.id: react-select-3-input
21:58:14 INFO  - By.id: react-select-3-input<- found
21:58:14 INFO  - Start search ->By.id: react-select-3-input
21:58:14 INFO  - By.id: react-select-3-input<- found
21:58:14 INFO  - Start search ->By.id: react-select-3-input
21:58:14 INFO  - By.id: react-select-3-input<- found
21:58:15 INFO  - Start search ->By.id: react-select-4-input
21:58:15 INFO  - By.id: react-select-4-input<- found
21:58:15 INFO  - Start search ->By.id: react-select-4-input
21:58:15 INFO  - By.id: react-select-4-input<- found
21:58:15 INFO  - Start search ->By.id: react-select-4-input
21:58:15 INFO  - By.id: react-select-4-input<- found
21:58:15 INFO  - Start search ->By.id: react-select-4-input
21:58:15 INFO  - By.id: react-select-4-input<- found
21:58:16 INFO  - Start search ->By.id: submit
21:58:16 INFO  - By.id: submit<- found
21:58:16 INFO  - End of test -> studentRegFormTest
************************************
