21:11:26 INFO  - Start test - >studentRegFormTest
21:11:26 INFO  - Start search ->By.xpath: //div[@class='category-cards']/div[2]
21:11:26 INFO  - By.xpath: //div[@class='category-cards']/div[2]<- found
21:11:27 INFO  - Start search ->By.xpath: //span[.='Practice Form']
21:11:27 INFO  - By.xpath: //span[.='Practice Form']<- found
21:11:28 INFO  - Start search ->By.id: firstName
21:11:28 INFO  - By.id: firstName<- found
21:11:28 INFO  - Start search ->By.id: firstName
21:11:28 INFO  - By.id: firstName<- found
21:11:28 INFO  - Start search ->By.id: firstName
21:11:28 INFO  - By.id: firstName<- found
21:11:29 INFO  - Start search ->By.id: lastName
21:11:29 INFO  - By.id: lastName<- found
21:11:29 INFO  - Start search ->By.id: lastName
21:11:29 INFO  - By.id: lastName<- found
21:11:29 INFO  - Start search ->By.id: lastName
21:11:29 INFO  - By.id: lastName<- found
21:11:29 INFO  - Start search ->By.id: userEmail
21:11:29 INFO  - By.id: userEmail<- found
21:11:29 INFO  - Start search ->By.id: userEmail
21:11:29 INFO  - By.id: userEmail<- found
21:11:30 INFO  - Start search ->By.id: userEmail
21:11:30 INFO  - By.id: userEmail<- found
21:11:30 INFO  - Start search ->By.xpath: //label[@for='gender-radio-1']
21:11:30 INFO  - By.xpath: //label[@for='gender-radio-1']<- found
21:11:30 INFO  - Start search ->By.id: userNumber
21:11:31 INFO  - By.id: userNumber<- found
21:11:31 INFO  - Start search ->By.id: userNumber
21:11:31 INFO  - By.id: userNumber<- found
21:11:31 INFO  - Start search ->By.id: userNumber
21:11:31 INFO  - By.id: userNumber<- found
21:11:31 INFO  - Start search ->By.id: dateOfBirthInput
21:11:31 INFO  - By.id: dateOfBirthInput<- found
21:11:32 INFO  - Start search ->By.cssSelector: .react-datepicker__month-select
21:11:32 INFO  - By.cssSelector: .react-datepicker__month-select<- found
21:11:32 INFO  - Start search ->By.xpath: .//option[normalize-space(.) = "May"]
21:11:32 INFO  - By.xpath: .//option[normalize-space(.) = "May"]<- found
21:11:32 INFO  - Start search ->By.cssSelector: .react-datepicker__year-select
21:11:32 INFO  - By.cssSelector: .react-datepicker__year-select<- found
21:11:32 INFO  - Start search ->By.xpath: .//option[normalize-space(.) = "1994"]
21:11:32 INFO  - By.xpath: .//option[normalize-space(.) = "1994"]<- found
21:11:33 INFO  - Start search ->By.xpath: //div[.='18']
21:11:33 INFO  - By.xpath: //div[.='18']<- found
21:11:33 INFO  - Start search ->By.id: subjectsInput
21:11:33 INFO  - By.id: subjectsInput<- found
21:11:33 INFO  - Start search ->By.id: subjectsInput
21:11:34 INFO  - By.id: subjectsInput<- found
21:11:34 INFO  - Start search ->By.id: subjectsInput
21:11:34 INFO  - By.id: subjectsInput<- found
21:11:34 INFO  - Start search ->By.id: subjectsInput
21:11:34 INFO  - By.id: subjectsInput<- found
21:11:34 INFO  - Start search ->By.id: react-select-2-option-0
21:11:34 INFO  - By.id: react-select-2-option-0<- found
21:11:34 INFO  - Start search ->By.xpath: //label[@for='hobbies-checkbox-1']
21:11:34 INFO  - By.xpath: //label[@for='hobbies-checkbox-1']<- found
21:11:35 INFO  - Start search ->By.xpath: //label[@for='hobbies-checkbox-3']
21:11:35 INFO  - By.xpath: //label[@for='hobbies-checkbox-3']<- found
21:11:35 INFO  - Start search ->By.id: currentAddress
21:11:35 INFO  - By.id: currentAddress<- found
21:11:35 INFO  - Start search ->By.id: currentAddress
21:11:35 INFO  - By.id: currentAddress<- found
21:11:36 INFO  - Start search ->By.id: currentAddress
21:11:36 INFO  - By.id: currentAddress<- found
21:11:37 INFO  - Start search ->By.id: react-select-3-input
21:11:37 INFO  - By.id: react-select-3-input<- found
21:11:37 INFO  - Start search ->By.id: react-select-3-input
21:11:37 INFO  - By.id: react-select-3-input<- found
21:11:37 INFO  - Start search ->By.id: react-select-3-input
21:11:37 INFO  - By.id: react-select-3-input<- found
21:11:38 INFO  - Start search ->By.id: react-select-3-input
21:11:44 INFO  - By.id: react-select-3-input<- found
21:11:45 INFO  - Start search ->By.id: react-select-4-input
21:11:45 INFO  - By.id: react-select-4-input<- found
21:11:50 INFO  - Start search ->By.id: react-select-4-input
21:11:50 INFO  - By.id: react-select-4-input<- found
21:11:51 ERROR - org.openqa.selenium.InvalidElementStateException: invalid element state: Element is not currently interactable and may not be manipulated
  (Session info: chrome=87.0.4280.141)
Build info: version: '3.141.59', revision: 'e82be7d358', time: '2018-11-14T08:17:03'
System info: host: 'YULIA', ip: '192.168.1.17', os.name: 'Windows 8.1', os.arch: 'amd64', os.version: '6.3', java.version: '1.8.0_271'
Driver info: org.openqa.selenium.chrome.ChromeDriver
Capabilities {acceptInsecureCerts: false, browserName: chrome, browserVersion: 87.0.4280.141, chrome: {chromedriverVersion: 87.0.4280.88 (89e2380a3e36c..., userDataDir: C:\Users\яв \AppData\Local\...}, goog:chromeOptions: {debuggerAddress: localhost:49680}, javascriptEnabled: true, networkConnectionEnabled: false, pageLoadStrategy: normal, platform: WINDOWS, platformName: WINDOWS, proxy: Proxy(), setWindowRect: true, strictFileInteractability: false, timeouts: {implicit: 0, pageLoad: 300000, script: 30000}, unhandledPromptBehavior: dismiss and notify, webauthn:virtualAuthenticators: true}
Session ID: cccee5a9898273d36f878dc1bc49e8eb
21:11:51 ERROR - src/test/screenshots/screen-1611598311037.png
21:11:51 INFO  - End of test -> studentRegFormTest
************************************
