21:13:23 INFO  - Start test - >studentRegFormTest
21:13:23 INFO  - Start search ->By.xpath: //div[@class='category-cards']/div[2]
21:13:23 INFO  - By.xpath: //div[@class='category-cards']/div[2]<- found
21:13:24 INFO  - Start search ->By.xpath: //span[.='Practice Form']
21:13:24 INFO  - By.xpath: //span[.='Practice Form']<- found
21:13:25 INFO  - Start search ->By.id: firstName
21:13:25 INFO  - By.id: firstName<- found
21:13:25 INFO  - Start search ->By.id: firstName
21:13:25 INFO  - By.id: firstName<- found
21:13:26 INFO  - Start search ->By.id: firstName
21:13:26 INFO  - By.id: firstName<- found
21:13:26 INFO  - Start search ->By.id: lastName
21:13:26 INFO  - By.id: lastName<- found
21:13:26 INFO  - Start search ->By.id: lastName
21:13:26 INFO  - By.id: lastName<- found
21:13:26 INFO  - Start search ->By.id: lastName
21:13:26 INFO  - By.id: lastName<- found
21:13:27 INFO  - Start search ->By.id: userEmail
21:13:27 INFO  - By.id: userEmail<- found
21:13:27 INFO  - Start search ->By.id: userEmail
21:13:27 INFO  - By.id: userEmail<- found
21:13:27 INFO  - Start search ->By.id: userEmail
21:13:27 INFO  - By.id: userEmail<- found
21:13:27 INFO  - Start search ->By.xpath: //label[@for='gender-radio-1']
21:13:27 INFO  - By.xpath: //label[@for='gender-radio-1']<- found
21:13:28 INFO  - Start search ->By.id: userNumber
21:13:28 INFO  - By.id: userNumber<- found
21:13:28 INFO  - Start search ->By.id: userNumber
21:13:28 INFO  - By.id: userNumber<- found
21:13:29 INFO  - Start search ->By.id: userNumber
21:13:29 INFO  - By.id: userNumber<- found
21:13:29 INFO  - Start search ->By.id: dateOfBirthInput
21:13:29 INFO  - By.id: dateOfBirthInput<- found
21:13:29 INFO  - Start search ->By.cssSelector: .react-datepicker__month-select
21:13:29 INFO  - By.cssSelector: .react-datepicker__month-select<- found
21:13:30 INFO  - Start search ->By.xpath: .//option[normalize-space(.) = "May"]
21:13:30 INFO  - By.xpath: .//option[normalize-space(.) = "May"]<- found
21:13:30 INFO  - Start search ->By.cssSelector: .react-datepicker__year-select
21:13:30 INFO  - By.cssSelector: .react-datepicker__year-select<- found
21:13:30 INFO  - Start search ->By.xpath: .//option[normalize-space(.) = "1994"]
21:13:30 INFO  - By.xpath: .//option[normalize-space(.) = "1994"]<- found
21:13:30 INFO  - Start search ->By.xpath: //div[.='18']
21:13:31 INFO  - By.xpath: //div[.='18']<- found
21:13:31 INFO  - Start search ->By.id: subjectsInput
21:13:31 INFO  - By.id: subjectsInput<- found
21:13:31 INFO  - Start search ->By.id: subjectsInput
21:13:31 INFO  - By.id: subjectsInput<- found
21:13:31 INFO  - Start search ->By.id: subjectsInput
21:13:31 INFO  - By.id: subjectsInput<- found
21:13:32 INFO  - Start search ->By.id: subjectsInput
21:13:32 INFO  - By.id: subjectsInput<- found
21:13:32 INFO  - Start search ->By.id: react-select-2-option-0
21:13:32 INFO  - By.id: react-select-2-option-0<- found
21:13:32 INFO  - Start search ->By.xpath: //label[@for='hobbies-checkbox-1']
21:13:32 INFO  - By.xpath: //label[@for='hobbies-checkbox-1']<- found
21:13:32 INFO  - Start search ->By.xpath: //label[@for='hobbies-checkbox-3']
21:13:32 INFO  - By.xpath: //label[@for='hobbies-checkbox-3']<- found
21:13:33 INFO  - Start search ->By.id: currentAddress
21:13:33 INFO  - By.id: currentAddress<- found
21:13:33 INFO  - Start search ->By.id: currentAddress
21:13:33 INFO  - By.id: currentAddress<- found
21:13:33 INFO  - Start search ->By.id: currentAddress
21:13:33 INFO  - By.id: currentAddress<- found
21:13:34 INFO  - Start search ->By.id: react-select-3-input
21:13:34 INFO  - By.id: react-select-3-input<- found
21:13:35 INFO  - Start search ->By.id: react-select-3-input
21:13:35 INFO  - By.id: react-select-3-input<- found
21:13:35 INFO  - Start search ->By.id: react-select-3-input
21:13:35 INFO  - By.id: react-select-3-input<- found
21:13:35 INFO  - Start search ->By.id: react-select-3-input
21:13:35 INFO  - By.id: react-select-3-input<- found
21:13:36 INFO  - Start search ->By.id: react-select-4-input
21:13:36 INFO  - By.id: react-select-4-input<- found
21:13:36 INFO  - Start search ->By.id: react-select-4-input
21:13:36 INFO  - By.id: react-select-4-input<- found
21:13:36 INFO  - Start search ->By.id: react-select-4-input
21:13:36 INFO  - By.id: react-select-4-input<- found
21:13:36 INFO  - Start search ->By.id: react-select-4-input
21:13:36 INFO  - By.id: react-select-4-input<- found
21:13:37 INFO  - Start search ->By.id: submit
21:13:38 INFO  - By.id: submit<- found
21:13:41 INFO  - Start search ->By.id: closeLargeModal
21:13:41 INFO  - By.id: closeLargeModal<- found
21:13:41 INFO  - End of test -> studentRegFormTest
************************************
