23:34:17 INFO  - Start test - >studentRegFormTest
23:34:17 INFO  - Start search ->By.xpath: //div[@class='category-cards']/div[2]
23:34:17 INFO  - By.xpath: //div[@class='category-cards']/div[2]<- found
23:34:17 INFO  - Start search ->By.xpath: //span[.='Practice Form']
23:34:17 INFO  - By.xpath: //span[.='Practice Form']<- found
23:34:18 INFO  - Start search ->By.id: firstName
23:34:18 INFO  - By.id: firstName<- found
23:34:18 INFO  - Start search ->By.id: firstName
23:34:18 INFO  - By.id: firstName<- found
23:34:18 INFO  - Start search ->By.id: firstName
23:34:18 INFO  - By.id: firstName<- found
23:34:18 INFO  - Start search ->By.id: lastName
23:34:18 INFO  - By.id: lastName<- found
23:34:19 INFO  - Start search ->By.id: lastName
23:34:19 INFO  - By.id: lastName<- found
23:34:19 INFO  - Start search ->By.id: lastName
23:34:19 INFO  - By.id: lastName<- found
23:34:19 INFO  - Start search ->By.id: userEmail
23:34:19 INFO  - By.id: userEmail<- found
23:34:19 INFO  - Start search ->By.id: userEmail
23:34:19 INFO  - By.id: userEmail<- found
23:34:19 INFO  - Start search ->By.id: userEmail
23:34:19 INFO  - By.id: userEmail<- found
23:34:19 INFO  - Start search ->By.xpath: //label[@for='gender-radio-1']
23:34:19 INFO  - By.xpath: //label[@for='gender-radio-1']<- found
23:34:20 INFO  - Start search ->By.id: userNumber
23:34:20 INFO  - By.id: userNumber<- found
23:34:20 INFO  - Start search ->By.id: userNumber
23:34:20 INFO  - By.id: userNumber<- found
23:34:21 INFO  - Start search ->By.id: userNumber
23:34:21 INFO  - By.id: userNumber<- found
23:34:21 INFO  - Start search ->By.id: dateOfBirthInput
23:34:21 INFO  - By.id: dateOfBirthInput<- found
23:34:21 INFO  - Start search ->By.id: dateOfBirthInput
23:34:21 INFO  - By.id: dateOfBirthInput<- found
23:34:22 INFO  - Start search ->By.id: dateOfBirthInput
23:34:22 INFO  - By.id: dateOfBirthInput<- found
23:34:22 INFO  - Start search ->By.id: dateOfBirthInput
23:34:22 INFO  - By.id: dateOfBirthInput<- found
23:34:23 INFO  - Start search ->By.id: dateOfBirthInput
23:34:23 INFO  - By.id: dateOfBirthInput<- found
23:34:23 INFO  - Start search ->By.id: subjectsInput
23:34:23 INFO  - By.id: subjectsInput<- found
23:34:23 INFO  - Start search ->By.id: subjectsInput
23:34:23 INFO  - By.id: subjectsInput<- found
23:34:23 INFO  - Start search ->By.id: subjectsInput
23:34:23 INFO  - By.id: subjectsInput<- found
23:34:23 INFO  - Start search ->By.id: subjectsInput
23:34:23 INFO  - By.id: subjectsInput<- found
23:34:23 INFO  - Start search ->By.id: react-select-2-option-0
23:34:23 INFO  - By.id: react-select-2-option-0<- found
23:34:24 INFO  - Start search ->By.xpath: //label[@for='hobbies-checkbox-1']
23:34:24 INFO  - By.xpath: //label[@for='hobbies-checkbox-1']<- found
23:34:24 INFO  - Start search ->By.xpath: //label[@for='hobbies-checkbox-3']
23:34:24 INFO  - By.xpath: //label[@for='hobbies-checkbox-3']<- found
23:34:24 INFO  - Start search ->By.id: currentAddress
23:34:24 INFO  - By.id: currentAddress<- found
23:34:24 INFO  - Start search ->By.id: currentAddress
23:34:24 INFO  - By.id: currentAddress<- found
23:34:24 INFO  - Start search ->By.id: currentAddress
23:34:24 INFO  - By.id: currentAddress<- found
23:34:25 INFO  - Start search ->By.id: react-select-3-input
23:34:25 INFO  - By.id: react-select-3-input<- found
23:34:26 INFO  - Start search ->By.id: react-select-3-input
23:34:26 INFO  - By.id: react-select-3-input<- found
23:34:26 INFO  - Start search ->By.id: react-select-3-input
23:34:26 INFO  - By.id: react-select-3-input<- found
23:34:26 INFO  - Start search ->By.id: react-select-3-input
23:34:26 INFO  - By.id: react-select-3-input<- found
23:34:26 INFO  - Start search ->By.id: react-select-4-input
23:34:26 INFO  - By.id: react-select-4-input<- found
23:34:26 INFO  - Start search ->By.id: react-select-4-input
23:34:26 INFO  - By.id: react-select-4-input<- found
23:34:26 INFO  - Start search ->By.id: react-select-4-input
23:34:26 INFO  - By.id: react-select-4-input<- found
23:34:27 INFO  - Start search ->By.id: react-select-4-input
23:34:27 INFO  - By.id: react-select-4-input<- found
23:34:28 INFO  - Start search ->By.id: submit
23:34:28 INFO  - By.id: submit<- found
23:34:28 INFO  - End of test -> studentRegFormTest
************************************
