20:18:51 INFO  - Start test - >studentRegFormTest
20:18:51 INFO  - Start search ->By.xpath: //div[@class='category-cards']/div[2]
20:18:51 INFO  - By.xpath: //div[@class='category-cards']/div[2]<- found
20:18:51 INFO  - Start search ->By.xpath: //span[.='Practice Form']
20:18:52 INFO  - By.xpath: //span[.='Practice Form']<- found
20:18:52 INFO  - Start search ->By.id: firstName
20:18:52 INFO  - By.id: firstName<- found
20:18:53 INFO  - Start search ->By.id: firstName
20:18:53 INFO  - By.id: firstName<- found
20:18:53 INFO  - Start search ->By.id: firstName
20:18:53 INFO  - By.id: firstName<- found
20:18:53 INFO  - Start search ->By.id: lastName
20:18:53 INFO  - By.id: lastName<- found
20:18:53 INFO  - Start search ->By.id: lastName
20:18:53 INFO  - By.id: lastName<- found
20:18:53 INFO  - Start search ->By.id: lastName
20:18:53 INFO  - By.id: lastName<- found
20:18:53 INFO  - Start search ->By.id: userEmail
20:18:53 INFO  - By.id: userEmail<- found
20:18:54 INFO  - Start search ->By.id: userEmail
20:18:54 INFO  - By.id: userEmail<- found
20:18:54 INFO  - Start search ->By.id: userEmail
20:18:54 INFO  - By.id: userEmail<- found
20:18:54 INFO  - Start search ->By.xpath: //label[@for='gender-radio-1']
20:18:54 INFO  - By.xpath: //label[@for='gender-radio-1']<- found
20:18:55 INFO  - Start search ->By.id: userNumber
20:18:55 INFO  - By.id: userNumber<- found
20:18:55 INFO  - Start search ->By.id: userNumber
20:18:55 INFO  - By.id: userNumber<- found
20:18:55 INFO  - Start search ->By.id: userNumber
20:18:55 INFO  - By.id: userNumber<- found
20:18:55 INFO  - Start search ->By.id: dateOfBirthInput
20:18:55 INFO  - By.id: dateOfBirthInput<- found
20:18:56 INFO  - Start search ->By.id: dateOfBirthInput
20:18:56 INFO  - By.id: dateOfBirthInput<- found
20:18:56 INFO  - Start search ->By.id: dateOfBirthInput
20:18:56 INFO  - By.id: dateOfBirthInput<- found
20:18:57 INFO  - Start search ->By.id: dateOfBirthInput
20:18:57 INFO  - By.id: dateOfBirthInput<- found
20:18:57 INFO  - Start search ->By.id: dateOfBirthInput
20:18:57 INFO  - By.id: dateOfBirthInput<- found
20:18:57 INFO  - Start search ->By.xpath: //label[@for='hobbies-checkbox-1']
20:18:57 INFO  - By.xpath: //label[@for='hobbies-checkbox-1']<- found
20:18:58 INFO  - Start search ->By.xpath: //label[@for='hobbies-checkbox-3']
20:18:58 INFO  - By.xpath: //label[@for='hobbies-checkbox-3']<- found
20:18:58 INFO  - Start search ->By.id: currentAddress
20:18:58 INFO  - By.id: currentAddress<- found
20:18:58 INFO  - Start search ->By.id: currentAddress
20:18:58 INFO  - By.id: currentAddress<- found
20:18:58 INFO  - Start search ->By.id: currentAddress
20:18:58 INFO  - By.id: currentAddress<- found
20:19:00 INFO  - Start search ->By.id: react-select-3-input
20:19:00 INFO  - By.id: react-select-3-input<- found
20:19:00 INFO  - Start search ->By.id: react-select-3-input
20:19:00 INFO  - By.id: react-select-3-input<- found
20:19:00 INFO  - Start search ->By.id: react-select-3-input
20:19:00 INFO  - By.id: react-select-3-input<- found
20:19:01 INFO  - Start search ->By.id: react-select-3-input
20:19:01 INFO  - By.id: react-select-3-input<- found
20:19:01 INFO  - Start search ->By.id: react-select-4-input
20:19:01 INFO  - By.id: react-select-4-input<- found
20:19:01 INFO  - Start search ->By.id: react-select-4-input
20:19:01 INFO  - By.id: react-select-4-input<- found
20:19:01 INFO  - Start search ->By.id: react-select-4-input
20:19:01 INFO  - By.id: react-select-4-input<- found
20:19:02 INFO  - Start search ->By.id: react-select-4-input
20:19:02 INFO  - By.id: react-select-4-input<- found
20:19:03 INFO  - Start search ->By.id: submit
20:19:03 INFO  - By.id: submit<- found
20:19:03 INFO  - End of test -> studentRegFormTest
************************************
