17:19:27 INFO  - Start test - >studentRegFormTest
17:19:27 INFO  - Start search ->By.xpath: //div[@class='category-cards']/div[2]
17:19:27 INFO  - By.xpath: //div[@class='category-cards']/div[2]<- found
17:19:28 INFO  - Start search ->By.xpath: //span[.='Practice Form']
17:19:28 INFO  - By.xpath: //span[.='Practice Form']<- found
17:19:29 INFO  - Start search ->By.id: firstName
17:19:29 INFO  - By.id: firstName<- found
17:19:29 INFO  - Start search ->By.id: firstName
17:19:29 INFO  - By.id: firstName<- found
17:19:29 INFO  - Start search ->By.id: firstName
17:19:29 INFO  - By.id: firstName<- found
17:19:29 INFO  - Start search ->By.id: lastName
17:19:29 INFO  - By.id: lastName<- found
17:19:30 INFO  - Start search ->By.id: lastName
17:19:30 INFO  - By.id: lastName<- found
17:19:30 INFO  - Start search ->By.id: lastName
17:19:30 INFO  - By.id: lastName<- found
17:19:30 INFO  - Start search ->By.id: userEmail
17:19:30 INFO  - By.id: userEmail<- found
17:19:30 INFO  - Start search ->By.id: userEmail
17:19:30 INFO  - By.id: userEmail<- found
17:19:30 INFO  - Start search ->By.id: userEmail
17:19:30 INFO  - By.id: userEmail<- found
17:19:30 INFO  - Start search ->By.xpath: //label[@for='gender-radio-1']
17:19:30 INFO  - By.xpath: //label[@for='gender-radio-1']<- found
17:19:31 INFO  - Start search ->By.id: userNumber
17:19:31 INFO  - By.id: userNumber<- found
17:19:31 INFO  - Start search ->By.id: userNumber
17:19:31 INFO  - By.id: userNumber<- found
17:19:31 INFO  - Start search ->By.id: userNumber
17:19:31 INFO  - By.id: userNumber<- found
17:19:31 INFO  - Start search ->By.id: dateOfBirthInput
17:19:32 INFO  - By.id: dateOfBirthInput<- found
17:19:32 INFO  - Start search ->By.id: dateOfBirthInput
17:19:32 INFO  - By.id: dateOfBirthInput<- found
17:19:33 INFO  - Start search ->By.id: dateOfBirthInput
17:19:33 INFO  - By.id: dateOfBirthInput<- found
17:19:33 INFO  - Start search ->By.id: dateOfBirthInput
17:19:33 INFO  - By.id: dateOfBirthInput<- found
17:19:33 INFO  - Start search ->By.xpath: //label[@for='hobbies-checkbox-1']
17:19:33 INFO  - By.xpath: //label[@for='hobbies-checkbox-1']<- found
17:19:34 INFO  - Start search ->By.xpath: //label[@for='hobbies-checkbox-3']
17:19:34 INFO  - By.xpath: //label[@for='hobbies-checkbox-3']<- found
17:19:34 INFO  - Start search ->By.id: currentAddress
17:19:34 INFO  - By.id: currentAddress<- found
17:19:34 INFO  - Start search ->By.id: currentAddress
17:19:34 INFO  - By.id: currentAddress<- found
17:19:34 INFO  - Start search ->By.id: currentAddress
17:19:34 INFO  - By.id: currentAddress<- found
17:19:35 INFO  - Start search ->By.id: state
17:19:35 INFO  - By.id: state<- found
17:19:37 INFO  - Start search ->By.id: submit
17:19:37 INFO  - By.id: submit<- found
17:19:37 INFO  - End of test -> studentRegFormTest
************************************
