17:40:31 INFO  - Start test - >studentRegFormTest
17:40:31 INFO  - Start search ->By.xpath: //div[@class='category-cards']/div[2]
17:40:31 INFO  - By.xpath: //div[@class='category-cards']/div[2]<- found
17:40:31 INFO  - Start search ->By.xpath: //span[.='Practice Form']
17:40:31 INFO  - By.xpath: //span[.='Practice Form']<- found
17:40:32 INFO  - Start search ->By.id: firstName
17:40:32 INFO  - By.id: firstName<- found
17:40:32 INFO  - Start search ->By.id: firstName
17:40:32 INFO  - By.id: firstName<- found
17:40:32 INFO  - Start search ->By.id: firstName
17:40:32 INFO  - By.id: firstName<- found
17:40:32 INFO  - Start search ->By.id: lastName
17:40:32 INFO  - By.id: lastName<- found
17:40:32 INFO  - Start search ->By.id: lastName
17:40:32 INFO  - By.id: lastName<- found
17:40:32 INFO  - Start search ->By.id: lastName
17:40:32 INFO  - By.id: lastName<- found
17:40:33 INFO  - Start search ->By.id: userEmail
17:40:33 INFO  - By.id: userEmail<- found
17:40:33 INFO  - Start search ->By.id: userEmail
17:40:33 INFO  - By.id: userEmail<- found
17:40:33 INFO  - Start search ->By.id: userEmail
17:40:33 INFO  - By.id: userEmail<- found
17:40:33 INFO  - Start search ->By.xpath: //label[@for='gender-radio-1']
17:40:33 INFO  - By.xpath: //label[@for='gender-radio-1']<- found
17:40:34 INFO  - Start search ->By.id: userNumber
17:40:34 INFO  - By.id: userNumber<- found
17:40:34 INFO  - Start search ->By.id: userNumber
17:40:34 INFO  - By.id: userNumber<- found
17:40:34 INFO  - Start search ->By.id: userNumber
17:40:34 INFO  - By.id: userNumber<- found
17:40:34 INFO  - Start search ->By.id: dateOfBirthInput
17:40:34 INFO  - By.id: dateOfBirthInput<- found
17:40:34 INFO  - Start search ->By.id: dateOfBirthInput
17:40:34 INFO  - By.id: dateOfBirthInput<- found
17:40:35 INFO  - Start search ->By.id: dateOfBirthInput
17:40:35 INFO  - By.id: dateOfBirthInput<- found
17:40:35 INFO  - Start search ->By.id: dateOfBirthInput
17:40:35 INFO  - By.id: dateOfBirthInput<- found
17:40:35 INFO  - Start search ->By.xpath: //label[@for='hobbies-checkbox-1']
17:40:35 INFO  - By.xpath: //label[@for='hobbies-checkbox-1']<- found
17:40:36 INFO  - Start search ->By.xpath: //label[@for='hobbies-checkbox-3']
17:40:36 INFO  - By.xpath: //label[@for='hobbies-checkbox-3']<- found
17:40:36 INFO  - Start search ->By.id: currentAddress
17:40:36 INFO  - By.id: currentAddress<- found
17:40:36 INFO  - Start search ->By.id: currentAddress
17:40:36 INFO  - By.id: currentAddress<- found
17:40:36 INFO  - Start search ->By.id: currentAddress
17:40:36 INFO  - By.id: currentAddress<- found
17:40:37 INFO  - Start search ->By.id: state
17:40:37 INFO  - By.id: state<- found
17:40:37 INFO  - Start search ->By.id: state
17:40:37 INFO  - By.id: state<- found
17:40:38 ERROR - org.openqa.selenium.InvalidElementStateException: invalid element state
  (Session info: chrome=87.0.4280.141)
Build info: version: '3.141.59', revision: 'e82be7d358', time: '2018-11-14T08:17:03'
System info: host: 'YULIA', ip: '192.168.1.17', os.name: 'Windows 8.1', os.arch: 'amd64', os.version: '6.3', java.version: '1.8.0_271'
Driver info: org.openqa.selenium.chrome.ChromeDriver
Capabilities {acceptInsecureCerts: false, browserName: chrome, browserVersion: 87.0.4280.141, chrome: {chromedriverVersion: 87.0.4280.88 (89e2380a3e36c..., userDataDir: C:\Users\яв \AppData\Local\...}, goog:chromeOptions: {debuggerAddress: localhost:63669}, javascriptEnabled: true, networkConnectionEnabled: false, pageLoadStrategy: normal, platform: WINDOWS, platformName: WINDOWS, proxy: Proxy(), setWindowRect: true, strictFileInteractability: false, timeouts: {implicit: 0, pageLoad: 300000, script: 30000}, unhandledPromptBehavior: dismiss and notify, webauthn:virtualAuthenticators: true}
Session ID: d9240933989f44cadc1604f8b62be2ba
17:40:38 ERROR - src/test/screenshots/screen-1611499238007.png
17:40:38 INFO  - End of test -> studentRegFormTest
************************************
