23:26:41 INFO  - Start test - >studentRegFormTest
23:26:41 INFO  - Start search ->By.xpath: //div[@class='category-cards']/div[2]
23:26:41 INFO  - By.xpath: //div[@class='category-cards']/div[2]<- found
23:26:41 INFO  - Start search ->By.xpath: //span[.='Practice Form']
23:26:41 INFO  - By.xpath: //span[.='Practice Form']<- found
23:26:42 INFO  - Start search ->By.id: firstName
23:26:42 INFO  - By.id: firstName<- found
23:26:42 INFO  - Start search ->By.id: firstName
23:26:42 INFO  - By.id: firstName<- found
23:26:42 INFO  - Start search ->By.id: firstName
23:26:42 INFO  - By.id: firstName<- found
23:26:42 INFO  - Start search ->By.id: lastName
23:26:42 INFO  - By.id: lastName<- found
23:26:42 INFO  - Start search ->By.id: lastName
23:26:42 INFO  - By.id: lastName<- found
23:26:42 INFO  - Start search ->By.id: lastName
23:26:43 INFO  - By.id: lastName<- found
23:26:43 INFO  - Start search ->By.id: userEmail
23:26:43 INFO  - By.id: userEmail<- found
23:26:43 INFO  - Start search ->By.id: userEmail
23:26:43 INFO  - By.id: userEmail<- found
23:26:43 INFO  - Start search ->By.id: userEmail
23:26:43 INFO  - By.id: userEmail<- found
23:26:43 INFO  - Start search ->By.xpath: //label[@for='gender-radio-1']
23:26:43 INFO  - By.xpath: //label[@for='gender-radio-1']<- found
23:26:44 INFO  - Start search ->By.id: userNumber
23:26:44 INFO  - By.id: userNumber<- found
23:26:44 INFO  - Start search ->By.id: userNumber
23:26:44 INFO  - By.id: userNumber<- found
23:26:44 INFO  - Start search ->By.id: userNumber
23:26:44 INFO  - By.id: userNumber<- found
23:26:45 INFO  - Start search ->By.id: dateOfBirthInput
23:26:45 INFO  - By.id: dateOfBirthInput<- found
23:26:45 INFO  - Start search ->By.id: dateOfBirthInput
23:26:45 INFO  - By.id: dateOfBirthInput<- found
23:26:46 INFO  - Start search ->By.id: dateOfBirthInput
23:26:46 INFO  - By.id: dateOfBirthInput<- found
23:26:46 INFO  - Start search ->By.id: dateOfBirthInput
23:26:46 INFO  - By.id: dateOfBirthInput<- found
23:26:46 INFO  - Start search ->By.id: dateOfBirthInput
23:26:46 INFO  - By.id: dateOfBirthInput<- found
23:26:46 INFO  - Start search ->By.xpath: //label[@for='hobbies-checkbox-1']
23:26:46 INFO  - By.xpath: //label[@for='hobbies-checkbox-1']<- found
23:26:47 INFO  - Start search ->By.xpath: //label[@for='hobbies-checkbox-3']
23:26:47 INFO  - By.xpath: //label[@for='hobbies-checkbox-3']<- found
23:26:47 INFO  - Start search ->By.id: currentAddress
23:26:47 INFO  - By.id: currentAddress<- found
23:26:47 INFO  - Start search ->By.id: currentAddress
23:26:47 INFO  - By.id: currentAddress<- found
23:26:47 INFO  - Start search ->By.id: currentAddress
23:26:47 INFO  - By.id: currentAddress<- found
23:26:48 INFO  - Start search ->By.id: react-select-3-input
23:26:48 INFO  - By.id: react-select-3-input<- found
23:26:48 INFO  - Start search ->By.id: react-select-3-input
23:26:48 INFO  - By.id: react-select-3-input<- found
23:26:49 INFO  - Start search ->By.id: react-select-3-input
23:26:49 INFO  - By.id: react-select-3-input<- found
23:26:49 INFO  - Start search ->By.id: react-select-3-input
23:26:49 INFO  - By.id: react-select-3-input<- found
23:26:49 INFO  - Start search ->By.id: react-select-4-input
23:26:49 INFO  - By.id: react-select-4-input<- found
23:26:49 INFO  - Start search ->By.id: react-select-4-input
23:26:49 INFO  - By.id: react-select-4-input<- found
23:26:49 INFO  - Start search ->By.id: react-select-4-input
23:26:49 INFO  - By.id: react-select-4-input<- found
23:26:50 INFO  - Start search ->By.id: react-select-4-input
23:26:50 INFO  - By.id: react-select-4-input<- found
23:26:50 INFO  - Start search ->By.id: subjectsInput
23:26:50 INFO  - By.id: subjectsInput<- found
23:26:50 INFO  - Start search ->By.id: subjectsInput
23:26:50 INFO  - By.id: subjectsInput<- found
23:26:50 INFO  - Start search ->By.id: subjectsInput
23:26:50 INFO  - By.id: subjectsInput<- found
23:26:50 INFO  - Start search ->By.id: subjectsInput
23:26:50 INFO  - By.id: subjectsInput<- found
23:26:50 INFO  - End of test -> studentRegFormTest
************************************
