20:19:18 INFO  - Start test - >studentRegFormTest
20:19:18 INFO  - Start search ->By.xpath: //div[@class='category-cards']/div[2]
20:19:18 INFO  - By.xpath: //div[@class='category-cards']/div[2]<- found
20:19:19 INFO  - Start search ->By.xpath: //span[.='Practice Form']
20:19:19 INFO  - By.xpath: //span[.='Practice Form']<- found
20:19:19 INFO  - Start search ->By.id: firstName
20:19:19 INFO  - By.id: firstName<- found
20:19:19 INFO  - Start search ->By.id: firstName
20:19:19 INFO  - By.id: firstName<- found
20:19:20 INFO  - Start search ->By.id: firstName
20:19:20 INFO  - By.id: firstName<- found
20:19:20 INFO  - Start search ->By.id: lastName
20:19:20 INFO  - By.id: lastName<- found
20:19:20 INFO  - Start search ->By.id: lastName
20:19:20 INFO  - By.id: lastName<- found
20:19:20 INFO  - Start search ->By.id: lastName
20:19:20 INFO  - By.id: lastName<- found
20:19:20 INFO  - Start search ->By.id: userEmail
20:19:20 INFO  - By.id: userEmail<- found
20:19:20 INFO  - Start search ->By.id: userEmail
20:19:21 INFO  - By.id: userEmail<- found
20:19:21 INFO  - Start search ->By.id: userEmail
20:19:21 INFO  - By.id: userEmail<- found
20:19:21 INFO  - Start search ->By.xpath: //label[@for='gender-radio-1']
20:19:21 INFO  - By.xpath: //label[@for='gender-radio-1']<- found
20:19:22 INFO  - Start search ->By.id: userNumber
20:19:22 INFO  - By.id: userNumber<- found
20:19:22 INFO  - Start search ->By.id: userNumber
20:19:22 INFO  - By.id: userNumber<- found
20:19:22 INFO  - Start search ->By.id: userNumber
20:19:22 INFO  - By.id: userNumber<- found
20:19:22 INFO  - Start search ->By.id: dateOfBirthInput
20:19:22 INFO  - By.id: dateOfBirthInput<- found
20:19:23 INFO  - Start search ->By.id: dateOfBirthInput
20:19:23 INFO  - By.id: dateOfBirthInput<- found
20:19:23 INFO  - Start search ->By.id: dateOfBirthInput
20:19:23 INFO  - By.id: dateOfBirthInput<- found
20:19:23 INFO  - Start search ->By.id: dateOfBirthInput
20:19:23 INFO  - By.id: dateOfBirthInput<- found
20:19:24 INFO  - Start search ->By.id: dateOfBirthInput
20:19:24 INFO  - By.id: dateOfBirthInput<- found
20:19:24 INFO  - Start search ->By.xpath: //label[@for='hobbies-checkbox-1']
20:19:24 INFO  - By.xpath: //label[@for='hobbies-checkbox-1']<- found
20:19:24 INFO  - Start search ->By.xpath: //label[@for='hobbies-checkbox-3']
20:19:24 INFO  - By.xpath: //label[@for='hobbies-checkbox-3']<- found
20:19:25 INFO  - Start search ->By.id: currentAddress
20:19:25 INFO  - By.id: currentAddress<- found
20:19:25 INFO  - Start search ->By.id: currentAddress
20:19:25 INFO  - By.id: currentAddress<- found
20:19:25 INFO  - Start search ->By.id: currentAddress
20:19:25 INFO  - By.id: currentAddress<- found
20:19:26 INFO  - Start search ->By.id: react-select-3-input
20:19:26 INFO  - By.id: react-select-3-input<- found
20:19:26 INFO  - Start search ->By.id: react-select-3-input
20:19:26 INFO  - By.id: react-select-3-input<- found
20:19:27 INFO  - Start search ->By.id: react-select-3-input
20:19:27 INFO  - By.id: react-select-3-input<- found
20:19:27 INFO  - Start search ->By.id: react-select-3-input
20:19:27 INFO  - By.id: react-select-3-input<- found
20:19:27 INFO  - Start search ->By.id: react-select-4-input
20:19:27 INFO  - By.id: react-select-4-input<- found
20:19:27 INFO  - Start search ->By.id: react-select-4-input
20:19:27 INFO  - By.id: react-select-4-input<- found
20:19:28 INFO  - Start search ->By.id: react-select-4-input
20:19:28 INFO  - By.id: react-select-4-input<- found
20:19:28 INFO  - Start search ->By.id: react-select-4-input
20:19:28 INFO  - By.id: react-select-4-input<- found
20:19:29 INFO  - Start search ->By.id: submit
20:19:29 INFO  - By.id: submit<- found
20:19:29 INFO  - End of test -> studentRegFormTest
************************************
