16:42:22 INFO  - Start test - >testMuli
16:42:23 INFO  - Start search ->By.xpath: //div[@class='category-cards']/div[4]
16:42:23 INFO  - By.xpath: //div[@class='category-cards']/div[4]<- found
16:42:23 INFO  - Start search ->By.xpath: //span[.='Select Menu']
16:42:23 INFO  - By.xpath: //span[.='Select Menu']<- found
16:42:23 INFO  - Start search ->By.id: withOptGroup
16:42:24 INFO  - By.id: withOptGroup<- found
16:42:24 INFO  - Start search ->By.xpath: //*[text()='Group 1, option 1']
16:42:24 INFO  - By.xpath: //*[text()='Group 1, option 1']<- found
16:42:29 INFO  - Start search ->By.id: selectOne
16:42:29 INFO  - By.id: selectOne<- found
16:42:29 INFO  - Start search ->By.xpath: //*[text()='Mr.']
16:42:29 INFO  - By.xpath: //*[text()='Mr.']<- found
16:42:34 INFO  - Start search ->By.id: oldSelectMenu
16:42:34 INFO  - By.id: oldSelectMenu<- found
16:42:34 INFO  - Start search ->By.xpath: .//option[normalize-space(.) = "Black"]
16:42:34 INFO  - By.xpath: .//option[normalize-space(.) = "Black"]<- found
16:42:39 INFO  - Start search ->By.id: react-select-4-input
16:42:39 INFO  - By.id: react-select-4-input<- found
16:42:40 INFO  - Start search ->By.id: react-select-4-input
16:42:40 INFO  - By.id: react-select-4-input<- found
16:42:40 INFO  - Start search ->By.id: react-select-4-input
16:42:40 INFO  - By.id: react-select-4-input<- found
16:42:40 ERROR - org.openqa.selenium.JavascriptException: javascript error: Green is not defined
  (Session info: chrome=88.0.4324.146)
Build info: version: '3.141.59', revision: 'e82be7d358', time: '2018-11-14T08:17:03'
System info: host: 'YULIA', ip: '192.168.1.17', os.name: 'Windows 8.1', os.arch: 'amd64', os.version: '6.3', java.version: '1.8.0_271'
Driver info: org.openqa.selenium.chrome.ChromeDriver
Capabilities {acceptInsecureCerts: false, browserName: chrome, browserVersion: 88.0.4324.146, chrome: {chromedriverVersion: 88.0.4324.96 (68dba2d8a0b14..., userDataDir: C:\Users\яв \AppData\Local\...}, goog:chromeOptions: {debuggerAddress: localhost:65470}, javascriptEnabled: true, networkConnectionEnabled: false, pageLoadStrategy: normal, platform: WINDOWS, platformName: WINDOWS, proxy: Proxy(), setWindowRect: true, strictFileInteractability: false, timeouts: {implicit: 0, pageLoad: 300000, script: 30000}, unhandledPromptBehavior: dismiss and notify, webauthn:extension:largeBlob: true, webauthn:virtualAuthenticators: true}
Session ID: b820094c12a9bb0260db66e29c4b9ef9
16:42:40 ERROR - src/test/screenshots/screen-1612446160408.png
16:42:40 INFO  - End of test -> testMuli
************************************
