17:37:45 INFO  - Start test - >studentRegFormTest
17:37:45 INFO  - Start search ->By.xpath: //div[@class='category-cards']/div[2]
17:37:45 INFO  - By.xpath: //div[@class='category-cards']/div[2]<- found
17:37:45 INFO  - Start search ->By.xpath: //span[.='Practice Form']
17:37:45 INFO  - By.xpath: //span[.='Practice Form']<- found
17:37:46 INFO  - Start search ->By.id: firstName
17:37:46 INFO  - By.id: firstName<- found
17:37:46 INFO  - Start search ->By.id: firstName
17:37:46 INFO  - By.id: firstName<- found
17:37:46 INFO  - Start search ->By.id: firstName
17:37:46 INFO  - By.id: firstName<- found
17:37:47 INFO  - Start search ->By.id: lastName
17:37:47 INFO  - By.id: lastName<- found
17:37:47 INFO  - Start search ->By.id: lastName
17:37:47 INFO  - By.id: lastName<- found
17:37:47 INFO  - Start search ->By.id: lastName
17:37:47 INFO  - By.id: lastName<- found
17:37:47 INFO  - Start search ->By.id: userEmail
17:37:47 INFO  - By.id: userEmail<- found
17:37:47 INFO  - Start search ->By.id: userEmail
17:37:47 INFO  - By.id: userEmail<- found
17:37:47 INFO  - Start search ->By.id: userEmail
17:37:47 INFO  - By.id: userEmail<- found
17:37:48 INFO  - Start search ->By.xpath: //label[@for='gender-radio-1']
17:37:48 INFO  - By.xpath: //label[@for='gender-radio-1']<- found
17:37:48 INFO  - Start search ->By.id: userNumber
17:37:48 INFO  - By.id: userNumber<- found
17:37:48 INFO  - Start search ->By.id: userNumber
17:37:48 INFO  - By.id: userNumber<- found
17:37:49 INFO  - Start search ->By.id: userNumber
17:37:49 INFO  - By.id: userNumber<- found
17:37:49 INFO  - Start search ->By.id: dateOfBirthInput
17:37:49 INFO  - By.id: dateOfBirthInput<- found
17:37:49 INFO  - Start search ->By.id: dateOfBirthInput
17:37:49 INFO  - By.id: dateOfBirthInput<- found
17:37:49 INFO  - Start search ->By.id: dateOfBirthInput
17:37:49 INFO  - By.id: dateOfBirthInput<- found
17:37:50 INFO  - Start search ->By.id: dateOfBirthInput
17:37:50 INFO  - By.id: dateOfBirthInput<- found
17:37:50 INFO  - Start search ->By.xpath: //label[@for='hobbies-checkbox-1']
17:37:50 INFO  - By.xpath: //label[@for='hobbies-checkbox-1']<- found
17:37:51 INFO  - Start search ->By.xpath: //label[@for='hobbies-checkbox-3']
17:37:51 INFO  - By.xpath: //label[@for='hobbies-checkbox-3']<- found
17:37:51 INFO  - Start search ->By.id: currentAddress
17:37:51 INFO  - By.id: currentAddress<- found
17:37:51 INFO  - Start search ->By.id: currentAddress
17:37:51 INFO  - By.id: currentAddress<- found
17:37:51 INFO  - Start search ->By.id: currentAddress
17:37:51 INFO  - By.id: currentAddress<- found
17:37:53 INFO  - Start search ->By.id: submit
17:37:53 INFO  - By.id: submit<- found
17:37:53 INFO  - End of test -> studentRegFormTest
************************************
