16:57:46 INFO  - Start test - >studentRegFormTest
16:57:46 INFO  - Start search ->By.xpath: //div[@class='category-cards']/div[2]
16:57:46 INFO  - By.xpath: //div[@class='category-cards']/div[2]<- found
16:57:47 INFO  - Start search ->By.xpath: //span[.='Practice Form']
16:57:47 INFO  - By.xpath: //span[.='Practice Form']<- found
16:57:47 INFO  - Start search ->By.id: firstName
16:57:47 INFO  - By.id: firstName<- found
16:57:48 INFO  - Start search ->By.id: firstName
16:57:48 INFO  - By.id: firstName<- found
16:57:48 INFO  - Start search ->By.id: firstName
16:57:48 INFO  - By.id: firstName<- found
16:57:48 INFO  - Start search ->By.id: lastName
16:57:48 INFO  - By.id: lastName<- found
16:57:48 INFO  - Start search ->By.id: lastName
16:57:48 INFO  - By.id: lastName<- found
16:57:48 INFO  - Start search ->By.id: lastName
16:57:48 INFO  - By.id: lastName<- found
16:57:48 INFO  - Start search ->By.id: userEmail
16:57:48 INFO  - By.id: userEmail<- found
16:57:49 INFO  - Start search ->By.id: userEmail
16:57:49 INFO  - By.id: userEmail<- found
16:57:49 INFO  - Start search ->By.id: userEmail
16:57:49 INFO  - By.id: userEmail<- found
16:57:49 INFO  - Start search ->By.xpath: //label[@for='gender-radio-1']
16:57:49 INFO  - By.xpath: //label[@for='gender-radio-1']<- found
16:57:50 INFO  - Start search ->By.id: userNumber
16:57:50 INFO  - By.id: userNumber<- found
16:57:50 INFO  - Start search ->By.id: userNumber
16:57:50 INFO  - By.id: userNumber<- found
16:57:50 INFO  - Start search ->By.id: userNumber
16:57:50 INFO  - By.id: userNumber<- found
16:57:50 INFO  - Start search ->By.id: dateOfBirthInput
16:57:50 INFO  - By.id: dateOfBirthInput<- found
16:57:51 INFO  - Start search ->By.id: dateOfBirthInput
16:57:51 INFO  - By.id: dateOfBirthInput<- found
16:57:51 INFO  - Start search ->By.id: dateOfBirthInput
16:57:51 INFO  - By.id: dateOfBirthInput<- found
16:57:51 INFO  - Start search ->By.id: dateOfBirthInput
16:57:51 INFO  - By.id: dateOfBirthInput<- found
16:57:51 INFO  - Start search ->By.xpath: //label[@for='hobbies-checkbox-1']
16:57:52 INFO  - By.xpath: //label[@for='hobbies-checkbox-1']<- found
16:57:52 INFO  - Start search ->By.xpath: //label[@for='hobbies-checkbox-3']
16:57:52 INFO  - By.xpath: //label[@for='hobbies-checkbox-3']<- found
16:57:52 INFO  - Start search ->By.id: currentAddress
16:57:52 INFO  - By.id: currentAddress<- found
16:57:52 INFO  - Start search ->By.id: currentAddress
16:57:52 INFO  - By.id: currentAddress<- found
16:57:52 INFO  - Start search ->By.id: currentAddress
16:57:52 INFO  - By.id: currentAddress<- found
16:57:52 INFO  - Start search ->By.id: state
16:57:52 INFO  - By.id: state<- found
16:57:53 INFO  - Start search ->By.className: css-1uccc91-singleValue
16:58:06 ERROR - org.openqa.selenium.NoSuchElementException: no such element: Unable to locate element: {"method":"css selector","selector":".css\-1uccc91\-singleValue"}
  (Session info: chrome=87.0.4280.141)
For documentation on this error, please visit: https://www.seleniumhq.org/exceptions/no_such_element.html
Build info: version: '3.141.59', revision: 'e82be7d358', time: '2018-11-14T08:17:03'
System info: host: 'YULIA', ip: '192.168.1.17', os.name: 'Windows 8.1', os.arch: 'amd64', os.version: '6.3', java.version: '1.8.0_271'
Driver info: org.openqa.selenium.chrome.ChromeDriver
Capabilities {acceptInsecureCerts: false, browserName: chrome, browserVersion: 87.0.4280.141, chrome: {chromedriverVersion: 87.0.4280.88 (89e2380a3e36c..., userDataDir: C:\Users\яв \AppData\Local\...}, goog:chromeOptions: {debuggerAddress: localhost:61026}, javascriptEnabled: true, networkConnectionEnabled: false, pageLoadStrategy: normal, platform: WINDOWS, platformName: WINDOWS, proxy: Proxy(), setWindowRect: true, strictFileInteractability: false, timeouts: {implicit: 0, pageLoad: 300000, script: 30000}, unhandledPromptBehavior: dismiss and notify, webauthn:virtualAuthenticators: true}
Session ID: ec0fb8d2543c889f00f74579d9d08acd
*** Element info: {Using=class name, value=css-1uccc91-singleValue}
16:58:08 ERROR - src/test/screenshots/screen-1611496686206.png
16:58:08 INFO  - End of test -> studentRegFormTest
************************************
