23:55:50 INFO  - Start test - >studentRegFormTest
23:55:50 INFO  - Start search ->By.xpath: //div[@class='category-cards']/div[2]
23:55:50 INFO  - By.xpath: //div[@class='category-cards']/div[2]<- found
23:55:50 INFO  - Start search ->By.xpath: //span[.='Practice Form']
23:55:51 INFO  - By.xpath: //span[.='Practice Form']<- found
23:55:51 INFO  - Start search ->By.id: firstName
23:55:51 INFO  - By.id: firstName<- found
23:55:51 INFO  - Start search ->By.id: firstName
23:55:51 INFO  - By.id: firstName<- found
23:55:51 INFO  - Start search ->By.id: firstName
23:55:51 INFO  - By.id: firstName<- found
23:55:52 INFO  - Start search ->By.id: lastName
23:55:52 INFO  - By.id: lastName<- found
23:55:52 INFO  - Start search ->By.id: lastName
23:55:52 INFO  - By.id: lastName<- found
23:55:52 INFO  - Start search ->By.id: lastName
23:55:52 INFO  - By.id: lastName<- found
23:55:52 INFO  - Start search ->By.id: userEmail
23:55:52 INFO  - By.id: userEmail<- found
23:55:52 INFO  - Start search ->By.id: userEmail
23:55:52 INFO  - By.id: userEmail<- found
23:55:53 INFO  - Start search ->By.id: userEmail
23:55:53 INFO  - By.id: userEmail<- found
23:55:53 INFO  - Start search ->By.xpath: //label[@for='gender-radio-1']
23:55:53 INFO  - By.xpath: //label[@for='gender-radio-1']<- found
23:55:53 INFO  - Start search ->By.id: userNumber
23:55:53 INFO  - By.id: userNumber<- found
23:55:54 INFO  - Start search ->By.id: userNumber
23:55:54 INFO  - By.id: userNumber<- found
23:55:54 INFO  - Start search ->By.id: userNumber
23:55:54 INFO  - By.id: userNumber<- found
23:55:54 INFO  - Start search ->By.id: dateOfBirthInput
23:55:54 INFO  - By.id: dateOfBirthInput<- found
23:55:55 INFO  - Start search ->By.id: dateOfBirthInput
23:55:55 INFO  - By.id: dateOfBirthInput<- found
23:55:55 INFO  - Start search ->By.id: dateOfBirthInput
23:55:55 INFO  - By.id: dateOfBirthInput<- found
23:55:55 INFO  - Start search ->By.id: dateOfBirthInput
23:55:55 INFO  - By.id: dateOfBirthInput<- found
23:55:56 INFO  - Start search ->By.id: dateOfBirthInput
23:55:56 INFO  - By.id: dateOfBirthInput<- found
23:55:56 INFO  - Start search ->By.id: subjectsInput
23:55:56 INFO  - By.id: subjectsInput<- found
23:55:56 INFO  - Start search ->By.id: subjectsInput
23:55:56 INFO  - By.id: subjectsInput<- found
23:55:56 INFO  - Start search ->By.id: subjectsInput
23:55:56 INFO  - By.id: subjectsInput<- found
23:55:56 INFO  - Start search ->By.id: subjectsInput
23:55:56 INFO  - By.id: subjectsInput<- found
23:55:56 INFO  - Start search ->By.id: react-select-2-option-0
23:55:56 INFO  - By.id: react-select-2-option-0<- found
23:55:57 INFO  - Start search ->By.xpath: //label[@for='hobbies-checkbox-1']
23:55:57 INFO  - By.xpath: //label[@for='hobbies-checkbox-1']<- found
23:55:57 INFO  - Start search ->By.xpath: //label[@for='hobbies-checkbox-3']
23:55:57 INFO  - By.xpath: //label[@for='hobbies-checkbox-3']<- found
23:55:57 INFO  - Start search ->By.id: currentAddress
23:55:57 INFO  - By.id: currentAddress<- found
23:55:57 INFO  - Start search ->By.id: currentAddress
23:55:57 INFO  - By.id: currentAddress<- found
23:55:57 INFO  - Start search ->By.id: currentAddress
23:55:58 INFO  - By.id: currentAddress<- found
23:55:59 INFO  - Start search ->By.id: react-select-3-input
23:55:59 INFO  - By.id: react-select-3-input<- found
23:55:59 INFO  - Start search ->By.id: react-select-3-input
23:55:59 INFO  - By.id: react-select-3-input<- found
23:55:59 INFO  - Start search ->By.id: react-select-3-input
23:55:59 INFO  - By.id: react-select-3-input<- found
23:55:59 INFO  - Start search ->By.id: react-select-3-input
23:55:59 INFO  - By.id: react-select-3-input<- found
23:55:59 INFO  - Start search ->By.id: react-select-4-input
23:55:59 INFO  - By.id: react-select-4-input<- found
23:56:00 INFO  - Start search ->By.id: react-select-4-input
23:56:00 INFO  - By.id: react-select-4-input<- found
23:56:00 INFO  - Start search ->By.id: react-select-4-input
23:56:00 INFO  - By.id: react-select-4-input<- found
23:56:00 INFO  - Start search ->By.id: react-select-4-input
23:56:00 INFO  - By.id: react-select-4-input<- found
23:56:01 INFO  - Start search ->By.id: submit
23:56:01 INFO  - By.id: submit<- found
23:56:04 INFO  - Start search ->By.id: closeLargeModal
23:56:04 INFO  - By.id: closeLargeModal<- found
23:56:04 INFO  - End of test -> studentRegFormTest
************************************
