17:07:51 INFO  - Start test - >studentRegFormTest
17:07:51 INFO  - Start search ->By.xpath: //div[@class='category-cards']/div[2]
17:07:51 INFO  - By.xpath: //div[@class='category-cards']/div[2]<- found
17:07:52 INFO  - Start search ->By.xpath: //span[.='Practice Form']
17:07:52 INFO  - By.xpath: //span[.='Practice Form']<- found
17:07:52 INFO  - Start search ->By.id: firstName
17:07:52 INFO  - By.id: firstName<- found
17:07:53 INFO  - Start search ->By.id: firstName
17:07:53 INFO  - By.id: firstName<- found
17:07:53 INFO  - Start search ->By.id: firstName
17:07:53 INFO  - By.id: firstName<- found
17:07:53 INFO  - Start search ->By.id: lastName
17:07:53 INFO  - By.id: lastName<- found
17:07:53 INFO  - Start search ->By.id: lastName
17:07:53 INFO  - By.id: lastName<- found
17:07:53 INFO  - Start search ->By.id: lastName
17:07:53 INFO  - By.id: lastName<- found
17:07:53 INFO  - Start search ->By.id: userEmail
17:07:53 INFO  - By.id: userEmail<- found
17:07:54 INFO  - Start search ->By.id: userEmail
17:07:54 INFO  - By.id: userEmail<- found
17:07:54 INFO  - Start search ->By.id: userEmail
17:07:54 INFO  - By.id: userEmail<- found
17:07:54 INFO  - Start search ->By.xpath: //label[@for='gender-radio-1']
17:07:54 INFO  - By.xpath: //label[@for='gender-radio-1']<- found
17:07:55 INFO  - Start search ->By.id: userNumber
17:07:55 INFO  - By.id: userNumber<- found
17:07:55 INFO  - Start search ->By.id: userNumber
17:07:55 INFO  - By.id: userNumber<- found
17:07:55 INFO  - Start search ->By.id: userNumber
17:07:55 INFO  - By.id: userNumber<- found
17:07:55 INFO  - Start search ->By.id: dateOfBirthInput
17:07:55 INFO  - By.id: dateOfBirthInput<- found
17:07:56 INFO  - Start search ->By.id: dateOfBirthInput
17:07:56 INFO  - By.id: dateOfBirthInput<- found
17:07:56 INFO  - Start search ->By.id: dateOfBirthInput
17:07:56 INFO  - By.id: dateOfBirthInput<- found
17:07:57 INFO  - Start search ->By.id: dateOfBirthInput
17:07:57 INFO  - By.id: dateOfBirthInput<- found
17:07:57 INFO  - Start search ->By.xpath: //label[@for='hobbies-checkbox-1']
17:07:57 INFO  - By.xpath: //label[@for='hobbies-checkbox-1']<- found
17:07:57 INFO  - Start search ->By.xpath: //label[@for='hobbies-checkbox-3']
17:07:57 INFO  - By.xpath: //label[@for='hobbies-checkbox-3']<- found
17:07:57 INFO  - Start search ->By.id: currentAddress
17:07:57 INFO  - By.id: currentAddress<- found
17:07:57 INFO  - Start search ->By.id: currentAddress
17:07:57 INFO  - By.id: currentAddress<- found
17:07:58 INFO  - Start search ->By.id: currentAddress
17:07:58 INFO  - By.id: currentAddress<- found
17:07:58 INFO  - Start search ->By.id: state
17:07:58 INFO  - By.id: state<- found
17:07:58 INFO  - Start search ->By.cssSelector: .css-1uccc91-singleValue
17:08:08 ERROR - org.openqa.selenium.NoSuchElementException: no such element: Unable to locate element: {"method":"css selector","selector":".css-1uccc91-singleValue"}
  (Session info: chrome=87.0.4280.141)
For documentation on this error, please visit: https://www.seleniumhq.org/exceptions/no_such_element.html
Build info: version: '3.141.59', revision: 'e82be7d358', time: '2018-11-14T08:17:03'
System info: host: 'YULIA', ip: '192.168.1.17', os.name: 'Windows 8.1', os.arch: 'amd64', os.version: '6.3', java.version: '1.8.0_271'
Driver info: org.openqa.selenium.chrome.ChromeDriver
Capabilities {acceptInsecureCerts: false, browserName: chrome, browserVersion: 87.0.4280.141, chrome: {chromedriverVersion: 87.0.4280.88 (89e2380a3e36c..., userDataDir: C:\Users\яв \AppData\Local\...}, goog:chromeOptions: {debuggerAddress: localhost:61641}, javascriptEnabled: true, networkConnectionEnabled: false, pageLoadStrategy: normal, platform: WINDOWS, platformName: WINDOWS, proxy: Proxy(), setWindowRect: true, strictFileInteractability: false, timeouts: {implicit: 0, pageLoad: 300000, script: 30000}, unhandledPromptBehavior: dismiss and notify, webauthn:virtualAuthenticators: true}
Session ID: 7e41fbf8472c132179c3c878aa168bae
*** Element info: {Using=css selector, value=.css-1uccc91-singleValue}
17:08:08 ERROR - src/test/screenshots/screen-1611497288459.png
17:08:08 INFO  - End of test -> studentRegFormTest
************************************
