20:23:59 INFO  - Start test - >studentRegFormTest
20:23:59 INFO  - Start search ->By.xpath: //div[@class='category-cards']/div[2]
20:23:59 INFO  - By.xpath: //div[@class='category-cards']/div[2]<- found
20:24:00 INFO  - Start search ->By.xpath: //span[.='Practice Form']
20:24:00 INFO  - By.xpath: //span[.='Practice Form']<- found
20:24:00 INFO  - Start search ->By.id: firstName
20:24:00 INFO  - By.id: firstName<- found
20:24:00 INFO  - Start search ->By.id: firstName
20:24:00 INFO  - By.id: firstName<- found
20:24:01 INFO  - Start search ->By.id: firstName
20:24:01 INFO  - By.id: firstName<- found
20:24:01 INFO  - Start search ->By.id: lastName
20:24:01 INFO  - By.id: lastName<- found
20:24:01 INFO  - Start search ->By.id: lastName
20:24:01 INFO  - By.id: lastName<- found
20:24:01 INFO  - Start search ->By.id: lastName
20:24:01 INFO  - By.id: lastName<- found
20:24:01 INFO  - Start search ->By.id: userEmail
20:24:01 INFO  - By.id: userEmail<- found
20:24:01 INFO  - Start search ->By.id: userEmail
20:24:01 INFO  - By.id: userEmail<- found
20:24:02 INFO  - Start search ->By.id: userEmail
20:24:02 INFO  - By.id: userEmail<- found
20:24:02 INFO  - Start search ->By.xpath: //label[@for='gender-radio-1']
20:24:02 INFO  - By.xpath: //label[@for='gender-radio-1']<- found
20:24:02 INFO  - Start search ->By.id: userNumber
20:24:02 INFO  - By.id: userNumber<- found
20:24:03 INFO  - Start search ->By.id: userNumber
20:24:03 INFO  - By.id: userNumber<- found
20:24:03 INFO  - Start search ->By.id: userNumber
20:24:03 INFO  - By.id: userNumber<- found
20:24:03 INFO  - Start search ->By.id: dateOfBirthInput
20:24:03 INFO  - By.id: dateOfBirthInput<- found
20:24:04 INFO  - Start search ->By.id: dateOfBirthInput
20:24:04 INFO  - By.id: dateOfBirthInput<- found
20:24:04 INFO  - Start search ->By.id: dateOfBirthInput
20:24:04 INFO  - By.id: dateOfBirthInput<- found
20:24:04 INFO  - Start search ->By.id: dateOfBirthInput
20:24:04 INFO  - By.id: dateOfBirthInput<- found
20:24:05 INFO  - Start search ->By.id: dateOfBirthInput
20:24:05 INFO  - By.id: dateOfBirthInput<- found
20:24:05 INFO  - Start search ->By.xpath: //label[@for='hobbies-checkbox-1']
20:24:05 INFO  - By.xpath: //label[@for='hobbies-checkbox-1']<- found
20:24:05 INFO  - Start search ->By.xpath: //label[@for='hobbies-checkbox-3']
20:24:05 INFO  - By.xpath: //label[@for='hobbies-checkbox-3']<- found
20:24:06 INFO  - Start search ->By.id: currentAddress
20:24:06 INFO  - By.id: currentAddress<- found
20:24:06 INFO  - Start search ->By.id: currentAddress
20:24:06 INFO  - By.id: currentAddress<- found
20:24:06 INFO  - Start search ->By.id: currentAddress
20:24:06 INFO  - By.id: currentAddress<- found
20:24:07 INFO  - Start search ->By.id: react-select-3-input
20:24:07 INFO  - By.id: react-select-3-input<- found
20:24:07 INFO  - Start search ->By.id: react-select-3-input
20:24:07 INFO  - By.id: react-select-3-input<- found
20:24:07 INFO  - Start search ->By.id: react-select-3-input
20:24:07 INFO  - By.id: react-select-3-input<- found
20:24:08 INFO  - Start search ->By.id: react-select-3-input
20:24:08 INFO  - By.id: react-select-3-input<- found
20:24:08 INFO  - Start search ->By.id: react-select-4-input
20:24:08 INFO  - By.id: react-select-4-input<- found
20:24:08 INFO  - Start search ->By.id: react-select-4-input
20:24:08 INFO  - By.id: react-select-4-input<- found
20:24:08 INFO  - Start search ->By.id: react-select-4-input
20:24:08 INFO  - By.id: react-select-4-input<- found
20:24:09 INFO  - Start search ->By.id: react-select-4-input
20:24:09 INFO  - By.id: react-select-4-input<- found
20:24:10 INFO  - Start search ->By.id: submit
20:24:10 INFO  - By.id: submit<- found
20:24:10 INFO  - End of test -> studentRegFormTest
************************************
