17:14:48 INFO  - Start test - >studentRegFormTest
17:14:48 INFO  - Start search ->By.xpath: //div[@class='category-cards']/div[2]
17:14:48 INFO  - By.xpath: //div[@class='category-cards']/div[2]<- found
17:14:49 INFO  - Start search ->By.xpath: //span[.='Practice Form']
17:14:49 INFO  - By.xpath: //span[.='Practice Form']<- found
17:14:49 INFO  - Start search ->By.id: firstName
17:14:49 INFO  - By.id: firstName<- found
17:14:49 INFO  - Start search ->By.id: firstName
17:14:49 INFO  - By.id: firstName<- found
17:14:50 INFO  - Start search ->By.id: firstName
17:14:50 INFO  - By.id: firstName<- found
17:14:50 INFO  - Start search ->By.id: lastName
17:14:50 INFO  - By.id: lastName<- found
17:14:50 INFO  - Start search ->By.id: lastName
17:14:50 INFO  - By.id: lastName<- found
17:14:50 INFO  - Start search ->By.id: lastName
17:14:50 INFO  - By.id: lastName<- found
17:14:50 INFO  - Start search ->By.id: userEmail
17:14:50 INFO  - By.id: userEmail<- found
17:14:50 INFO  - Start search ->By.id: userEmail
17:14:50 INFO  - By.id: userEmail<- found
17:14:51 INFO  - Start search ->By.id: userEmail
17:14:51 INFO  - By.id: userEmail<- found
17:14:51 INFO  - Start search ->By.xpath: //label[@for='gender-radio-1']
17:14:51 INFO  - By.xpath: //label[@for='gender-radio-1']<- found
17:14:51 INFO  - Start search ->By.id: userNumber
17:14:51 INFO  - By.id: userNumber<- found
17:14:52 INFO  - Start search ->By.id: userNumber
17:14:52 INFO  - By.id: userNumber<- found
17:14:52 INFO  - Start search ->By.id: userNumber
17:14:52 INFO  - By.id: userNumber<- found
17:14:52 INFO  - Start search ->By.id: dateOfBirthInput
17:14:52 INFO  - By.id: dateOfBirthInput<- found
17:14:52 INFO  - Start search ->By.id: dateOfBirthInput
17:14:52 INFO  - By.id: dateOfBirthInput<- found
17:14:53 INFO  - Start search ->By.id: dateOfBirthInput
17:14:53 INFO  - By.id: dateOfBirthInput<- found
17:14:53 INFO  - Start search ->By.id: dateOfBirthInput
17:14:53 INFO  - By.id: dateOfBirthInput<- found
17:14:53 INFO  - Start search ->By.xpath: //label[@for='hobbies-checkbox-1']
17:14:54 INFO  - By.xpath: //label[@for='hobbies-checkbox-1']<- found
17:14:54 INFO  - Start search ->By.xpath: //label[@for='hobbies-checkbox-3']
17:14:54 INFO  - By.xpath: //label[@for='hobbies-checkbox-3']<- found
17:14:54 INFO  - Start search ->By.id: currentAddress
17:14:54 INFO  - By.id: currentAddress<- found
17:14:54 INFO  - Start search ->By.id: currentAddress
17:14:54 INFO  - By.id: currentAddress<- found
17:14:54 INFO  - Start search ->By.id: currentAddress
17:14:54 INFO  - By.id: currentAddress<- found
17:14:54 INFO  - Start search ->By.id: state
17:14:54 INFO  - By.id: state<- found
17:14:54 INFO  - End of test -> studentRegFormTest
************************************
