23:47:38 INFO  - Start test - >loginTest
23:47:38 INFO  - Start search ->By.xpath: //div[@class='category-cards']/div[6]
23:47:38 INFO  - By.xpath: //div[@class='category-cards']/div[6]<- found
23:47:39 INFO  - Start search ->By.xpath: //*[@id='login']
23:47:39 INFO  - By.xpath: //*[@id='login']<- found
23:47:40 INFO  - Start search ->By.id: userName
23:47:40 INFO  - By.id: userName<- found
23:47:40 INFO  - Start search ->By.id: userName
23:47:40 INFO  - By.id: userName<- found
23:47:40 INFO  - Start search ->By.id: userName
23:47:40 INFO  - By.id: userName<- found
23:47:40 INFO  - Start search ->By.id: password
23:47:40 INFO  - By.id: password<- found
23:47:41 INFO  - Start search ->By.id: password
23:47:41 INFO  - By.id: password<- found
23:47:41 INFO  - Start search ->By.id: password
23:47:41 INFO  - By.id: password<- found
23:47:41 INFO  - Start search ->By.xpath: //*[@id='login']
23:47:41 INFO  - By.xpath: //*[@id='login']<- found
23:47:43 INFO  - Start search ->By.id: submit
23:47:43 INFO  - By.id: submit<- found
23:47:43 INFO  - End of test -> loginTest
************************************
