15:06:30 INFO  - Start test - >studentRegFormTest
15:06:30 INFO  - Start search ->By.xpath: //div[@class='category-cards']/div[2]
15:06:30 INFO  - By.xpath: //div[@class='category-cards']/div[2]<- found
15:06:31 INFO  - Start search ->By.xpath: //span[.='Practice Form']
15:06:31 INFO  - By.xpath: //span[.='Practice Form']<- found
15:06:31 INFO  - Start search ->By.id: firstName
15:06:31 INFO  - By.id: firstName<- found
15:06:32 INFO  - Start search ->By.id: firstName
15:06:32 INFO  - By.id: firstName<- found
15:06:32 INFO  - Start search ->By.id: firstName
15:06:32 INFO  - By.id: firstName<- found
15:06:32 INFO  - Start search ->By.id: lastName
15:06:32 INFO  - By.id: lastName<- found
15:06:32 INFO  - Start search ->By.id: lastName
15:06:32 INFO  - By.id: lastName<- found
15:06:32 INFO  - Start search ->By.id: lastName
15:06:32 INFO  - By.id: lastName<- found
15:06:33 INFO  - Start search ->By.id: userEmail
15:06:33 INFO  - By.id: userEmail<- found
15:06:33 INFO  - Start search ->By.id: userEmail
15:06:33 INFO  - By.id: userEmail<- found
15:06:33 INFO  - Start search ->By.id: userEmail
15:06:33 INFO  - By.id: userEmail<- found
15:06:33 INFO  - Start search ->By.xpath: //label[@for='gender-radio-1']
15:06:33 INFO  - By.xpath: //label[@for='gender-radio-1']<- found
15:06:34 INFO  - Start search ->By.id: userNumber
15:06:34 INFO  - By.id: userNumber<- found
15:06:34 INFO  - Start search ->By.id: userNumber
15:06:34 INFO  - By.id: userNumber<- found
15:06:34 INFO  - Start search ->By.id: userNumber
15:06:34 INFO  - By.id: userNumber<- found
15:06:34 INFO  - Start search ->By.id: dateOfBirthInput
15:06:34 INFO  - By.id: dateOfBirthInput<- found
15:06:35 INFO  - Start search ->By.cssSelector: .react-datepicker__month-select
15:06:35 INFO  - By.cssSelector: .react-datepicker__month-select<- found
15:06:36 INFO  - Start search ->By.xpath: .//option[normalize-space(.) = "May"]
15:06:36 INFO  - By.xpath: .//option[normalize-space(.) = "May"]<- found
15:06:36 INFO  - Start search ->By.cssSelector: .react-datepicker__year-select
15:06:36 INFO  - By.cssSelector: .react-datepicker__year-select<- found
15:06:36 INFO  - Start search ->By.xpath: .//option[normalize-space(.) = "1994"]
15:06:36 INFO  - By.xpath: .//option[normalize-space(.) = "1994"]<- found
15:06:37 INFO  - Start search ->By.xpath: //div[.='18']
15:06:37 INFO  - By.xpath: //div[.='18']<- found
15:06:37 INFO  - Start search ->By.id: subjectsInput
15:06:37 INFO  - By.id: subjectsInput<- found
15:06:37 INFO  - Start search ->By.id: subjectsInput
15:06:37 INFO  - By.id: subjectsInput<- found
15:06:37 INFO  - Start search ->By.id: subjectsInput
15:06:37 INFO  - By.id: subjectsInput<- found
15:06:38 INFO  - Start search ->By.id: subjectsInput
15:06:38 INFO  - By.id: subjectsInput<- found
15:06:38 INFO  - Start search ->By.id: react-select-2-option-0
15:06:38 INFO  - By.id: react-select-2-option-0<- found
15:06:38 INFO  - Start search ->By.xpath: //label[@for='hobbies-checkbox-1']
15:06:38 INFO  - By.xpath: //label[@for='hobbies-checkbox-1']<- found
15:06:38 INFO  - Start search ->By.xpath: //label[@for='hobbies-checkbox-3']
15:06:38 INFO  - By.xpath: //label[@for='hobbies-checkbox-3']<- found
15:06:39 INFO  - Start search ->By.id: currentAddress
15:06:39 INFO  - By.id: currentAddress<- found
15:06:39 ERROR - org.openqa.selenium.JavascriptException: javascript error: missing ) after argument list
  (Session info: chrome=88.0.4324.104)
Build info: version: '3.141.59', revision: 'e82be7d358', time: '2018-11-14T08:17:03'
System info: host: 'YULIA', ip: '192.168.1.17', os.name: 'Windows 8.1', os.arch: 'amd64', os.version: '6.3', java.version: '1.8.0_271'
Driver info: org.openqa.selenium.chrome.ChromeDriver
Capabilities {acceptInsecureCerts: false, browserName: chrome, browserVersion: 88.0.4324.104, chrome: {chromedriverVersion: 87.0.4280.88 (89e2380a3e36c..., userDataDir: C:\Users\яв \AppData\Local\...}, goog:chromeOptions: {debuggerAddress: localhost:56515}, javascriptEnabled: true, networkConnectionEnabled: false, pageLoadStrategy: normal, platform: WINDOWS, platformName: WINDOWS, proxy: Proxy(), setWindowRect: true, strictFileInteractability: false, timeouts: {implicit: 0, pageLoad: 300000, script: 30000}, unhandledPromptBehavior: dismiss and notify, webauthn:virtualAuthenticators: true}
Session ID: dbfd49df7d1d80f6179d8470d1222e04
15:06:39 ERROR - src/test/screenshots/screen-1611835599313.png
15:06:39 INFO  - End of test -> studentRegFormTest
************************************
