16:17:49 INFO  - Start test - >testAlerts
16:17:49 INFO  - Start search ->By.xpath: //div[@class='category-cards']/div[3]
16:17:49 INFO  - By.xpath: //div[@class='category-cards']/div[3]<- found
16:17:50 INFO  - Start search ->By.xpath: //div[@class='element-list collapse show']//li[2]
16:17:50 INFO  - By.xpath: //div[@class='element-list collapse show']//li[2]<- found
16:17:51 INFO  - Start search ->By.id: alertButton
16:17:51 INFO  - By.id: alertButton<- found
16:17:55 INFO  - Start search ->By.id: confirmButton
16:17:55 INFO  - By.id: confirmButton<- found
16:17:58 INFO  - Start search ->By.id: promtButton
16:17:58 INFO  - By.id: promtButton<- found
16:18:01 INFO  - Start search ->By.xpath: //span[.='Click Button to see alert']
16:18:01 ERROR - org.openqa.selenium.UnhandledAlertException: unexpected alert open: {Alert text : Please enter your name}
  (Session info: chrome=88.0.4324.146): Please enter your name
Build info: version: '3.141.59', revision: 'e82be7d358', time: '2018-11-14T08:17:03'
System info: host: 'YULIA', ip: '192.168.1.17', os.name: 'Windows 8.1', os.arch: 'amd64', os.version: '6.3', java.version: '1.8.0_271'
Driver info: org.openqa.selenium.chrome.ChromeDriver
Capabilities {acceptInsecureCerts: false, browserName: chrome, browserVersion: 88.0.4324.146, chrome: {chromedriverVersion: 88.0.4324.96 (68dba2d8a0b14..., userDataDir: C:\Users\яв \AppData\Local\...}, goog:chromeOptions: {debuggerAddress: localhost:63875}, javascriptEnabled: true, networkConnectionEnabled: false, pageLoadStrategy: normal, platform: WINDOWS, platformName: WINDOWS, proxy: Proxy(), setWindowRect: true, strictFileInteractability: false, timeouts: {implicit: 0, pageLoad: 300000, script: 30000}, unhandledPromptBehavior: dismiss and notify, webauthn:extension:largeBlob: true, webauthn:virtualAuthenticators: true}
Session ID: 5c3ad797b1f7720eac8457356d5d6256
*** Element info: {Using=xpath, value=//span[.='Click Button to see alert']}
16:18:02 ERROR - src/test/screenshots/screen-1612444681731.png
16:18:02 INFO  - End of test -> testAlerts
************************************
