17:45:06 INFO  - Start test - >studentRegFormTest
17:45:06 INFO  - Start search ->By.xpath: //div[@class='category-cards']/div[2]
17:45:06 INFO  - By.xpath: //div[@class='category-cards']/div[2]<- found
17:45:07 INFO  - Start search ->By.xpath: //span[.='Practice Form']
17:45:07 INFO  - By.xpath: //span[.='Practice Form']<- found
17:45:07 INFO  - Start search ->By.id: firstName
17:45:07 INFO  - By.id: firstName<- found
17:45:07 INFO  - Start search ->By.id: firstName
17:45:07 INFO  - By.id: firstName<- found
17:45:08 INFO  - Start search ->By.id: firstName
17:45:08 INFO  - By.id: firstName<- found
17:45:08 INFO  - Start search ->By.id: lastName
17:45:08 INFO  - By.id: lastName<- found
17:45:08 INFO  - Start search ->By.id: lastName
17:45:08 INFO  - By.id: lastName<- found
17:45:08 INFO  - Start search ->By.id: lastName
17:45:08 INFO  - By.id: lastName<- found
17:45:08 INFO  - Start search ->By.id: userEmail
17:45:08 INFO  - By.id: userEmail<- found
17:45:08 INFO  - Start search ->By.id: userEmail
17:45:08 INFO  - By.id: userEmail<- found
17:45:08 INFO  - Start search ->By.id: userEmail
17:45:09 INFO  - By.id: userEmail<- found
17:45:09 INFO  - Start search ->By.xpath: //label[@for='gender-radio-1']
17:45:09 INFO  - By.xpath: //label[@for='gender-radio-1']<- found
17:45:09 INFO  - Start search ->By.id: userNumber
17:45:09 INFO  - By.id: userNumber<- found
17:45:10 INFO  - Start search ->By.id: userNumber
17:45:10 INFO  - By.id: userNumber<- found
17:45:10 INFO  - Start search ->By.id: userNumber
17:45:10 INFO  - By.id: userNumber<- found
17:45:10 INFO  - Start search ->By.id: dateOfBirthInput
17:45:10 INFO  - By.id: dateOfBirthInput<- found
17:45:10 INFO  - Start search ->By.id: dateOfBirthInput
17:45:10 INFO  - By.id: dateOfBirthInput<- found
17:45:11 INFO  - Start search ->By.id: dateOfBirthInput
17:45:11 INFO  - By.id: dateOfBirthInput<- found
17:45:12 INFO  - Start search ->By.id: dateOfBirthInput
17:45:12 INFO  - By.id: dateOfBirthInput<- found
17:45:12 INFO  - Start search ->By.xpath: //label[@for='hobbies-checkbox-1']
17:45:12 INFO  - By.xpath: //label[@for='hobbies-checkbox-1']<- found
17:45:12 INFO  - Start search ->By.xpath: //label[@for='hobbies-checkbox-3']
17:45:12 INFO  - By.xpath: //label[@for='hobbies-checkbox-3']<- found
17:45:12 INFO  - Start search ->By.id: currentAddress
17:45:12 INFO  - By.id: currentAddress<- found
17:45:12 INFO  - Start search ->By.id: currentAddress
17:45:13 INFO  - By.id: currentAddress<- found
17:45:13 INFO  - Start search ->By.id: currentAddress
17:45:13 INFO  - By.id: currentAddress<- found
17:45:14 INFO  - Start search ->By.xpath: //div[contains(@class, 'css-1uccc91-singleValue'
17:45:14 ERROR - org.openqa.selenium.InvalidSelectorException: invalid selector: Unable to locate an element with the xpath expression //div[contains(@class, 'css-1uccc91-singleValue' because of the following error:
SyntaxError: Failed to execute 'evaluate' on 'Document': The string '//div[contains(@class, 'css-1uccc91-singleValue'' is not a valid XPath expression.
  (Session info: chrome=87.0.4280.141)
For documentation on this error, please visit: https://www.seleniumhq.org/exceptions/invalid_selector_exception.html
Build info: version: '3.141.59', revision: 'e82be7d358', time: '2018-11-14T08:17:03'
System info: host: 'YULIA', ip: '192.168.1.17', os.name: 'Windows 8.1', os.arch: 'amd64', os.version: '6.3', java.version: '1.8.0_271'
Driver info: org.openqa.selenium.chrome.ChromeDriver
Capabilities {acceptInsecureCerts: false, browserName: chrome, browserVersion: 87.0.4280.141, chrome: {chromedriverVersion: 87.0.4280.88 (89e2380a3e36c..., userDataDir: C:\Users\яв \AppData\Local\...}, goog:chromeOptions: {debuggerAddress: localhost:64004}, javascriptEnabled: true, networkConnectionEnabled: false, pageLoadStrategy: normal, platform: WINDOWS, platformName: WINDOWS, proxy: Proxy(), setWindowRect: true, strictFileInteractability: false, timeouts: {implicit: 0, pageLoad: 300000, script: 30000}, unhandledPromptBehavior: dismiss and notify, webauthn:virtualAuthenticators: true}
Session ID: 52c158901ad1388661adef22c8b0e9a7
*** Element info: {Using=xpath, value=//div[contains(@class, 'css-1uccc91-singleValue'}
17:45:15 ERROR - src/test/screenshots/screen-1611499514526.png
17:45:15 INFO  - End of test -> studentRegFormTest
************************************
