13:12:18 INFO  - Start test - >studentRegFormTest
13:12:18 INFO  - Start search ->By.xpath: //div[@class='category-cards']/div[2]
13:12:18 INFO  - By.xpath: //div[@class='category-cards']/div[2]<- found
13:12:19 INFO  - Start search ->By.xpath: //span[.='Practice Form']
13:12:19 INFO  - By.xpath: //span[.='Practice Form']<- found
13:12:19 INFO  - Start search ->By.id: firstName
13:12:19 INFO  - By.id: firstName<- found
13:12:20 INFO  - Start search ->By.id: firstName
13:12:20 INFO  - By.id: firstName<- found
13:12:20 INFO  - Start search ->By.id: firstName
13:12:20 INFO  - By.id: firstName<- found
13:12:20 INFO  - Start search ->By.id: lastName
13:12:20 INFO  - By.id: lastName<- found
13:12:21 INFO  - Start search ->By.id: lastName
13:12:21 INFO  - By.id: lastName<- found
13:12:21 INFO  - Start search ->By.id: lastName
13:12:21 INFO  - By.id: lastName<- found
13:12:21 INFO  - Start search ->By.id: userEmail
13:12:21 INFO  - By.id: userEmail<- found
13:12:21 INFO  - Start search ->By.id: userEmail
13:12:21 INFO  - By.id: userEmail<- found
13:12:21 INFO  - Start search ->By.id: userEmail
13:12:21 INFO  - By.id: userEmail<- found
13:12:22 INFO  - Start search ->By.xpath: //label[@for='gender-radio-1']
13:12:22 INFO  - By.xpath: //label[@for='gender-radio-1']<- found
13:12:22 INFO  - Start search ->By.id: userNumber
13:12:22 INFO  - By.id: userNumber<- found
13:12:23 INFO  - Start search ->By.id: userNumber
13:12:23 INFO  - By.id: userNumber<- found
13:12:23 INFO  - Start search ->By.id: userNumber
13:12:23 INFO  - By.id: userNumber<- found
13:12:23 INFO  - Start search ->By.id: dateOfBirthInput
13:12:23 INFO  - By.id: dateOfBirthInput<- found
13:12:24 INFO  - Start search ->By.cssSelector: .react-datepicker__month-select
13:12:24 INFO  - By.cssSelector: .react-datepicker__month-select<- found
13:12:24 INFO  - Start search ->By.xpath: .//option[normalize-space(.) = "May"]
13:12:24 INFO  - By.xpath: .//option[normalize-space(.) = "May"]<- found
13:12:24 INFO  - Start search ->By.cssSelector: .react-datepicker__year-select
13:12:24 INFO  - By.cssSelector: .react-datepicker__year-select<- found
13:12:25 INFO  - Start search ->By.xpath: .//option[normalize-space(.) = "1994"]
13:12:25 INFO  - By.xpath: .//option[normalize-space(.) = "1994"]<- found
13:12:25 INFO  - Start search ->By.xpath: //div[.='18']
13:12:25 INFO  - By.xpath: //div[.='18']<- found
13:12:25 INFO  - Start search ->By.id: subjectsInput
13:12:25 INFO  - By.id: subjectsInput<- found
13:12:25 INFO  - Start search ->By.id: subjectsInput
13:12:25 INFO  - By.id: subjectsInput<- found
13:12:25 INFO  - Start search ->By.id: subjectsInput
13:12:25 INFO  - By.id: subjectsInput<- found
13:12:26 INFO  - Start search ->By.id: subjectsInput
13:12:26 INFO  - By.id: subjectsInput<- found
13:12:26 INFO  - Start search ->By.id: react-select-2-option-0
13:12:26 INFO  - By.id: react-select-2-option-0<- found
13:12:26 INFO  - Start search ->By.xpath: //label[@for='hobbies-checkbox-1']
13:12:26 INFO  - By.xpath: //label[@for='hobbies-checkbox-1']<- found
13:12:26 INFO  - Start search ->By.xpath: //label[@for='hobbies-checkbox-3']
13:12:26 INFO  - By.xpath: //label[@for='hobbies-checkbox-3']<- found
13:12:27 INFO  - Start search ->By.id: currentAddress
13:12:27 INFO  - By.id: currentAddress<- found
13:12:27 INFO  - Start search ->By.id: currentAddress
13:12:27 INFO  - By.id: currentAddress<- found
13:12:27 INFO  - Start search ->By.id: currentAddress
13:12:27 INFO  - By.id: currentAddress<- found
13:12:28 INFO  - Start search ->By.id: react-select-3-input
13:12:28 INFO  - By.id: react-select-3-input<- found
13:12:28 INFO  - Start search ->By.id: react-select-3-input
13:12:28 INFO  - By.id: react-select-3-input<- found
13:12:28 INFO  - Start search ->By.id: react-select-3-input
13:12:28 INFO  - By.id: react-select-3-input<- found
13:12:29 INFO  - Start search ->By.id: react-select-3-input
13:12:29 INFO  - By.id: react-select-3-input<- found
13:12:29 INFO  - Start search ->By.id: react-select-4-input
13:12:29 INFO  - By.id: react-select-4-input<- found
13:12:29 INFO  - Start search ->By.id: react-select-4-input
13:12:29 INFO  - By.id: react-select-4-input<- found
13:12:29 INFO  - Start search ->By.id: react-select-4-input
13:12:29 INFO  - By.id: react-select-4-input<- found
13:12:29 INFO  - Start search ->By.id: react-select-4-input
13:12:30 INFO  - By.id: react-select-4-input<- found
13:12:31 INFO  - Start search ->By.id: submit
13:12:31 INFO  - By.id: submit<- found
13:12:34 INFO  - Start search ->By.id: closeLargeModal
13:12:34 INFO  - By.id: closeLargeModal<- found
13:12:34 INFO  - End of test -> studentRegFormTest
************************************
