12:54:55 INFO  - Start test - >studentRegFormTest
12:54:55 INFO  - Start search ->By.xpath: //div[@class='category-cards']/div[2]
12:54:55 INFO  - By.xpath: //div[@class='category-cards']/div[2]<- found
12:54:56 INFO  - Start search ->By.xpath: //span[.='Practice Form']
12:54:56 INFO  - By.xpath: //span[.='Practice Form']<- found
12:54:56 INFO  - Start search ->By.id: firstName
12:54:57 INFO  - By.id: firstName<- found
12:54:57 INFO  - Start search ->By.id: firstName
12:54:57 INFO  - By.id: firstName<- found
12:54:57 INFO  - Start search ->By.id: firstName
12:54:57 INFO  - By.id: firstName<- found
12:54:57 INFO  - Start search ->By.id: lastName
12:54:57 INFO  - By.id: lastName<- found
12:54:57 INFO  - Start search ->By.id: lastName
12:54:57 INFO  - By.id: lastName<- found
12:54:57 INFO  - Start search ->By.id: lastName
12:54:57 INFO  - By.id: lastName<- found
12:54:57 INFO  - Start search ->By.id: userEmail
12:54:57 INFO  - By.id: userEmail<- found
12:54:58 INFO  - Start search ->By.id: userEmail
12:54:58 INFO  - By.id: userEmail<- found
12:54:58 INFO  - Start search ->By.id: userEmail
12:54:58 INFO  - By.id: userEmail<- found
12:54:58 INFO  - Start search ->By.xpath: //label[@for='gender-radio-1']
12:54:58 INFO  - By.xpath: //label[@for='gender-radio-1']<- found
12:54:59 INFO  - Start search ->By.id: userNumber
12:54:59 INFO  - By.id: userNumber<- found
12:54:59 INFO  - Start search ->By.id: userNumber
12:54:59 INFO  - By.id: userNumber<- found
12:54:59 INFO  - Start search ->By.id: userNumber
12:54:59 INFO  - By.id: userNumber<- found
12:54:59 INFO  - Start search ->By.id: dateOfBirthInput
12:54:59 INFO  - By.id: dateOfBirthInput<- found
12:55:00 INFO  - Start search ->By.id: dateOfBirthInput
12:55:00 INFO  - By.id: dateOfBirthInput<- found
12:55:00 INFO  - Start search ->By.id: dateOfBirthInput
12:55:00 INFO  - By.id: dateOfBirthInput<- found
12:55:01 INFO  - Start search ->By.id: dateOfBirthInput
12:55:01 INFO  - By.id: dateOfBirthInput<- found
12:55:01 INFO  - Start search ->By.xpath: //label[@for='hobbies-checkbox-1']
12:55:01 INFO  - By.xpath: //label[@for='hobbies-checkbox-1']<- found
12:55:01 INFO  - Start search ->By.xpath: //label[@for='hobbies-checkbox-3']
12:55:01 INFO  - By.xpath: //label[@for='hobbies-checkbox-3']<- found
12:55:01 INFO  - Start search ->By.id: currentAddress
12:55:01 INFO  - By.id: currentAddress<- found
12:55:01 INFO  - Start search ->By.id: currentAddress
12:55:01 INFO  - By.id: currentAddress<- found
12:55:01 INFO  - Start search ->By.id: currentAddress
12:55:02 INFO  - By.id: currentAddress<- found
12:55:02 INFO  - Start search ->By.className: css-1wa3eu0-placeholder
12:55:02 INFO  - By.className: css-1wa3eu0-placeholder<- found
12:55:12 ERROR - org.openqa.selenium.ElementNotInteractableException: element not interactable
  (Session info: chrome=87.0.4280.141)
Build info: version: '3.141.59', revision: 'e82be7d358', time: '2018-11-14T08:17:03'
System info: host: 'YULIA', ip: '192.168.1.17', os.name: 'Windows 8.1', os.arch: 'amd64', os.version: '6.3', java.version: '1.8.0_271'
Driver info: org.openqa.selenium.chrome.ChromeDriver
Capabilities {acceptInsecureCerts: false, browserName: chrome, browserVersion: 87.0.4280.141, chrome: {chromedriverVersion: 87.0.4280.88 (89e2380a3e36c..., userDataDir: C:\Users\яв \AppData\Local\...}, goog:chromeOptions: {debuggerAddress: localhost:65244}, javascriptEnabled: true, networkConnectionEnabled: false, pageLoadStrategy: normal, platform: WINDOWS, platformName: WINDOWS, proxy: Proxy(), setWindowRect: true, strictFileInteractability: false, timeouts: {implicit: 0, pageLoad: 300000, script: 30000}, unhandledPromptBehavior: dismiss and notify, webauthn:virtualAuthenticators: true}
Session ID: 8accbb95136181946b440579ad99e788
12:55:12 ERROR - src/test/screenshots/screen-1611482112284.png
12:55:12 INFO  - Start search ->By.className: css-1wa3eu0-placeholder
12:55:12 INFO  - By.className: css-1wa3eu0-placeholder<- found
12:55:12 ERROR - org.openqa.selenium.InvalidElementStateException: invalid element state
  (Session info: chrome=87.0.4280.141)
Build info: version: '3.141.59', revision: 'e82be7d358', time: '2018-11-14T08:17:03'
System info: host: 'YULIA', ip: '192.168.1.17', os.name: 'Windows 8.1', os.arch: 'amd64', os.version: '6.3', java.version: '1.8.0_271'
Driver info: org.openqa.selenium.chrome.ChromeDriver
Capabilities {acceptInsecureCerts: false, browserName: chrome, browserVersion: 87.0.4280.141, chrome: {chromedriverVersion: 87.0.4280.88 (89e2380a3e36c..., userDataDir: C:\Users\яв \AppData\Local\...}, goog:chromeOptions: {debuggerAddress: localhost:65244}, javascriptEnabled: true, networkConnectionEnabled: false, pageLoadStrategy: normal, platform: WINDOWS, platformName: WINDOWS, proxy: Proxy(), setWindowRect: true, strictFileInteractability: false, timeouts: {implicit: 0, pageLoad: 300000, script: 30000}, unhandledPromptBehavior: dismiss and notify, webauthn:virtualAuthenticators: true}
Session ID: 8accbb95136181946b440579ad99e788
12:55:13 ERROR - src/test/screenshots/screen-1611482112919.png
12:55:13 INFO  - End of test -> studentRegFormTest
************************************
