23:23:07 INFO  - Start test - >studentRegFormTest
23:23:07 INFO  - Start search ->By.xpath: //div[@class='category-cards']/div[2]
23:23:07 INFO  - By.xpath: //div[@class='category-cards']/div[2]<- found
23:23:08 INFO  - Start search ->By.xpath: //span[.='Practice Form']
23:23:08 INFO  - By.xpath: //span[.='Practice Form']<- found
23:23:12 INFO  - Start search ->By.id: firstName
23:23:12 INFO  - By.id: firstName<- found
23:23:12 INFO  - Start search ->By.id: firstName
23:23:12 INFO  - By.id: firstName<- found
23:23:12 INFO  - Start search ->By.id: firstName
23:23:12 INFO  - By.id: firstName<- found
23:23:12 INFO  - Start search ->By.id: lastName
23:23:12 INFO  - By.id: lastName<- found
23:23:12 INFO  - Start search ->By.id: lastName
23:23:12 INFO  - By.id: lastName<- found
23:23:13 INFO  - Start search ->By.id: lastName
23:23:13 INFO  - By.id: lastName<- found
23:23:13 INFO  - Start search ->By.id: userEmail
23:23:13 INFO  - By.id: userEmail<- found
23:23:13 INFO  - Start search ->By.id: userEmail
23:23:13 INFO  - By.id: userEmail<- found
23:23:13 INFO  - Start search ->By.id: userEmail
23:23:13 INFO  - By.id: userEmail<- found
23:23:13 INFO  - Start search ->By.xpath: //label[@for='gender-radio-1']
23:23:13 INFO  - By.xpath: //label[@for='gender-radio-1']<- found
23:23:14 INFO  - Start search ->By.id: userNumber
23:23:14 INFO  - By.id: userNumber<- found
23:23:14 INFO  - Start search ->By.id: userNumber
23:23:14 INFO  - By.id: userNumber<- found
23:23:14 INFO  - Start search ->By.id: userNumber
23:23:14 INFO  - By.id: userNumber<- found
23:23:14 INFO  - Start search ->By.id: dateOfBirthInput
23:23:14 INFO  - By.id: dateOfBirthInput<- found
23:23:15 INFO  - Start search ->By.id: dateOfBirthInput
23:23:15 INFO  - By.id: dateOfBirthInput<- found
23:23:15 INFO  - Start search ->By.id: dateOfBirthInput
23:23:15 INFO  - By.id: dateOfBirthInput<- found
23:23:15 INFO  - Start search ->By.id: dateOfBirthInput
23:23:15 INFO  - By.id: dateOfBirthInput<- found
23:23:16 INFO  - Start search ->By.id: dateOfBirthInput
23:23:16 INFO  - By.id: dateOfBirthInput<- found
23:23:16 INFO  - Start search ->By.xpath: //label[@for='hobbies-checkbox-1']
23:23:16 INFO  - By.xpath: //label[@for='hobbies-checkbox-1']<- found
23:23:17 INFO  - Start search ->By.xpath: //label[@for='hobbies-checkbox-3']
23:23:17 INFO  - By.xpath: //label[@for='hobbies-checkbox-3']<- found
23:23:17 INFO  - Start search ->By.id: currentAddress
23:23:17 INFO  - By.id: currentAddress<- found
23:23:18 INFO  - Start search ->By.id: currentAddress
23:23:18 INFO  - By.id: currentAddress<- found
23:23:18 INFO  - Start search ->By.id: currentAddress
23:23:18 INFO  - By.id: currentAddress<- found
23:23:19 INFO  - Start search ->By.id: react-select-3-input
23:23:19 INFO  - By.id: react-select-3-input<- found
23:23:19 INFO  - Start search ->By.id: react-select-3-input
23:23:19 INFO  - By.id: react-select-3-input<- found
23:23:19 INFO  - Start search ->By.id: react-select-3-input
23:23:19 INFO  - By.id: react-select-3-input<- found
23:23:19 INFO  - Start search ->By.id: react-select-3-input
23:23:19 INFO  - By.id: react-select-3-input<- found
23:23:20 INFO  - Start search ->By.id: react-select-4-input
23:23:20 INFO  - By.id: react-select-4-input<- found
23:23:20 INFO  - Start search ->By.id: react-select-4-input
23:23:20 INFO  - By.id: react-select-4-input<- found
23:23:20 INFO  - Start search ->By.id: react-select-4-input
23:23:20 INFO  - By.id: react-select-4-input<- found
23:23:20 INFO  - Start search ->By.id: react-select-4-input
23:23:20 INFO  - By.id: react-select-4-input<- found
23:23:21 INFO  - Start search ->By.id: submit
23:23:21 INFO  - By.id: submit<- found
23:23:21 INFO  - End of test -> studentRegFormTest
************************************
