23:28:44 INFO  - Start test - >studentRegFormTest
23:28:44 INFO  - Start search ->By.xpath: //div[@class='category-cards']/div[2]
23:28:44 INFO  - By.xpath: //div[@class='category-cards']/div[2]<- found
23:28:45 INFO  - Start search ->By.xpath: //span[.='Practice Form']
23:28:45 INFO  - By.xpath: //span[.='Practice Form']<- found
23:28:45 INFO  - Start search ->By.id: firstName
23:28:45 INFO  - By.id: firstName<- found
23:28:45 INFO  - Start search ->By.id: firstName
23:28:45 INFO  - By.id: firstName<- found
23:28:46 INFO  - Start search ->By.id: firstName
23:28:46 INFO  - By.id: firstName<- found
23:28:46 INFO  - Start search ->By.id: lastName
23:28:46 INFO  - By.id: lastName<- found
23:28:46 INFO  - Start search ->By.id: lastName
23:28:46 INFO  - By.id: lastName<- found
23:28:46 INFO  - Start search ->By.id: lastName
23:28:46 INFO  - By.id: lastName<- found
23:28:46 INFO  - Start search ->By.id: userEmail
23:28:46 INFO  - By.id: userEmail<- found
23:28:46 INFO  - Start search ->By.id: userEmail
23:28:46 INFO  - By.id: userEmail<- found
23:28:47 INFO  - Start search ->By.id: userEmail
23:28:47 INFO  - By.id: userEmail<- found
23:28:47 INFO  - Start search ->By.xpath: //label[@for='gender-radio-1']
23:28:47 INFO  - By.xpath: //label[@for='gender-radio-1']<- found
23:28:48 INFO  - Start search ->By.id: userNumber
23:28:48 INFO  - By.id: userNumber<- found
23:28:48 INFO  - Start search ->By.id: userNumber
23:28:48 INFO  - By.id: userNumber<- found
23:28:48 INFO  - Start search ->By.id: userNumber
23:28:48 INFO  - By.id: userNumber<- found
23:28:48 INFO  - Start search ->By.id: dateOfBirthInput
23:28:48 INFO  - By.id: dateOfBirthInput<- found
23:28:49 INFO  - Start search ->By.id: dateOfBirthInput
23:28:49 INFO  - By.id: dateOfBirthInput<- found
23:28:49 INFO  - Start search ->By.id: dateOfBirthInput
23:28:49 INFO  - By.id: dateOfBirthInput<- found
23:28:49 INFO  - Start search ->By.id: dateOfBirthInput
23:28:50 INFO  - By.id: dateOfBirthInput<- found
23:28:50 INFO  - Start search ->By.id: dateOfBirthInput
23:28:50 INFO  - By.id: dateOfBirthInput<- found
23:28:50 INFO  - Start search ->By.xpath: //label[@for='hobbies-checkbox-1']
23:28:50 INFO  - By.xpath: //label[@for='hobbies-checkbox-1']<- found
23:28:50 INFO  - Start search ->By.xpath: //label[@for='hobbies-checkbox-3']
23:28:50 INFO  - By.xpath: //label[@for='hobbies-checkbox-3']<- found
23:28:51 INFO  - Start search ->By.id: currentAddress
23:28:51 INFO  - By.id: currentAddress<- found
23:28:51 INFO  - Start search ->By.id: currentAddress
23:28:51 INFO  - By.id: currentAddress<- found
23:28:51 INFO  - Start search ->By.id: currentAddress
23:28:51 INFO  - By.id: currentAddress<- found
23:28:52 INFO  - Start search ->By.id: react-select-3-input
23:28:52 INFO  - By.id: react-select-3-input<- found
23:28:52 INFO  - Start search ->By.id: react-select-3-input
23:28:52 INFO  - By.id: react-select-3-input<- found
23:28:53 INFO  - Start search ->By.id: react-select-3-input
23:28:53 INFO  - By.id: react-select-3-input<- found
23:28:53 INFO  - Start search ->By.id: react-select-3-input
23:28:53 INFO  - By.id: react-select-3-input<- found
23:28:53 INFO  - Start search ->By.id: react-select-4-input
23:28:53 INFO  - By.id: react-select-4-input<- found
23:28:53 INFO  - Start search ->By.id: react-select-4-input
23:28:53 INFO  - By.id: react-select-4-input<- found
23:28:53 INFO  - Start search ->By.id: react-select-4-input
23:28:53 INFO  - By.id: react-select-4-input<- found
23:28:54 INFO  - Start search ->By.id: react-select-4-input
23:28:54 INFO  - By.id: react-select-4-input<- found
23:28:54 INFO  - Start search ->By.id: subjectsInput
23:28:54 INFO  - By.id: subjectsInput<- found
23:28:54 INFO  - Start search ->By.id: subjectsInput
23:28:54 INFO  - By.id: subjectsInput<- found
23:28:54 INFO  - Start search ->By.id: subjectsInput
23:28:54 INFO  - By.id: subjectsInput<- found
23:28:54 INFO  - Start search ->By.id: subjectsInput
23:28:54 INFO  - By.id: subjectsInput<- found
23:28:54 INFO  - Start search ->By.id: react-select-2-option-0
23:28:54 INFO  - By.id: react-select-2-option-0<- found
23:28:55 INFO  - Start search ->By.id: react-select-2-option-0
23:29:06 ERROR - org.openqa.selenium.NoSuchElementException: no such element: Unable to locate element: {"method":"css selector","selector":"#react\-select\-2\-option\-0"}
  (Session info: chrome=87.0.4280.141)
For documentation on this error, please visit: https://www.seleniumhq.org/exceptions/no_such_element.html
Build info: version: '3.141.59', revision: 'e82be7d358', time: '2018-11-14T08:17:03'
System info: host: 'YULIA', ip: '192.168.1.17', os.name: 'Windows 8.1', os.arch: 'amd64', os.version: '6.3', java.version: '1.8.0_271'
Driver info: org.openqa.selenium.chrome.ChromeDriver
Capabilities {acceptInsecureCerts: false, browserName: chrome, browserVersion: 87.0.4280.141, chrome: {chromedriverVersion: 87.0.4280.88 (89e2380a3e36c..., userDataDir: C:\Users\яв \AppData\Local\...}, goog:chromeOptions: {debuggerAddress: localhost:61197}, javascriptEnabled: true, networkConnectionEnabled: false, pageLoadStrategy: normal, platform: WINDOWS, platformName: WINDOWS, proxy: Proxy(), setWindowRect: true, strictFileInteractability: false, timeouts: {implicit: 0, pageLoad: 300000, script: 30000}, unhandledPromptBehavior: dismiss and notify, webauthn:virtualAuthenticators: true}
Session ID: 7308c3c3b5a16bf98b48fab9e0ad0197
*** Element info: {Using=id, value=react-select-2-option-0}
23:29:08 ERROR - src/test/screenshots/screen-1611520146977.png
23:29:08 INFO  - End of test -> studentRegFormTest
************************************
